2017-10-24 15:42:43,122 - os.name - Windows 10
2017-10-24 15:42:43,123 - os.arch - amd64
2017-10-24 15:42:43,123 - os.version - 10.0
2017-10-24 15:42:43,123 - java.version - 1.8.0_151
2017-10-24 15:42:43,123 - java.vendor - Oracle Corporation
2017-10-24 15:42:43,123 - java.vendor.url - http://java.oracle.com/
2017-10-24 15:42:43,123 - java.home - C:\Program Files\Java\jre1.8.0_151
2017-10-24 15:42:43,123 - java.vm.specification.name - Java Virtual Machine Specification
2017-10-24 15:42:43,123 - java.vm.specification.vendor - Oracle Corporation
2017-10-24 15:42:43,123 - java.vm.specification.version - 1.8
2017-10-24 15:42:43,123 - java.class.path - D:\eclipse-ides\eclipse-jee-neon-2-win32-x86_64\\plugins/org.eclipse.equinox.launcher_1.3.201.v20161025-1711.jar
2017-10-24 15:42:43,127 - java.library.path - D:\eclipse-ides\eclipse-jee-neon-2-win32-x86_64;C:\Windows\Sun\Java\bin;C:\Windows\system32;C:\Windows;C:/Program Files/Java/jre1.8.0_151/bin/server;C:/Program Files/Java/jre1.8.0_151/bin;C:/Program Files/Java/jre1.8.0_151/lib/amd64;C:\ProgramData\Oracle\Java\javapath;C:\app\Nadeem.Ahmed\product\11.2.0\dbhome_2\bin;C:\app\Nadeem.Ahmed\product\11.2.0\dbhome_1\bin;C:\Program Files\Java\jdk1.8.0_112\bin;C:\Program Files (x86)\Intel\iCLS Client\;C:\Program Files\Intel\iCLS Client\;C:\Windows\system32;C:\Windows;C:\Windows\System32\Wbem;C:\Windows\System32\WindowsPowerShell\v1.0\;C:\Program Files (x86)\Intel\Intel(R) Management Engine Components\DAL;C:\Program Files\Intel\Intel(R) Management Engine Components\DAL;C:\Program Files (x86)\Intel\Intel(R) Management Engine Components\IPT;C:\Program Files\Intel\Intel(R) Management Engine Components\IPT;C:\Program Files (x86)\Skype\Phone\;C:\Program Files\CloudFoundry;C:\Program Files\apache-maven-3.3.9\bin;C:\Program Files\Git\cmd;C:\Program Files\cf-uaac-master\bin;C:\Program Files\Ruby23-x64\bin;C:\Program Files\MATLAB\MATLAB Production Server\R2015a\runtime\win64;C:\Program Files\MATLAB\MATLAB Production Server\R2015a\bin;C:\Program Files\MATLAB\MATLAB Production Server\R2015a\polyspace\bin;C:\Program Files\nodejs\;C:\Program Files\Dell\Dell Data Protection\Drivers\TSS\bin\;C:\Program Files\jEdit;C:\Program Files\apache-ant-1.10.1\bin;C:\Program Files\apache-tomcat-8.5.15\bin;C:\Program Files\Intel\WiFi\bin\;C:\Program Files\Common Files\Intel\WirelessCommon\;C:\Program Files\MySQL\MySQL Utilities 1.6\;C:\Python36\Scripts\;C:\Python36\;C:\Ruby22-x64\bin;C:\Users\nadeem.ahmed\AppData\Local\Microsoft\WindowsApps;C:\Users\nadeem.ahmed\AppData\Roaming\npm;C:\Program Files\Intel\WiFi\bin\;C:\Program Files\Common Files\Intel\WirelessCommon\;C:\Users\nadeem.ahmed\AppData\Local\atom\bin;D:\eclipse-ides\eclipse-jee-neon-2-win32-x86_64;;.
2017-10-24 15:42:43,129 - --------------------------------------
2017-10-24 15:42:43,129 - ## Eclipse Plug-ins Log Information ##
2017-10-24 15:42:43,129 - --------------------------------------
2017-10-24 15:42:43,196 - javax.el - 2.2.0.v201303151357
2017-10-24 15:42:43,198 - javax.servlet - 3.1.0.v201410161800
2017-10-24 15:42:43,198 - javax.servlet.jsp - 2.2.0.v201112011158
2017-10-24 15:42:43,199 - com.sun.el - 2.2.0.v201303151357
2017-10-24 15:42:43,200 - org.apache.commons.logging - 1.1.1.v201101211721
2017-10-24 15:42:43,201 - org.apache.jasper.glassfish - 2.2.2.v201501141630
2017-10-24 15:42:43,203 - org.apache.lucene.analysis - 3.5.0.v20120725-1805
2017-10-24 15:42:43,203 - org.apache.lucene.core - 3.5.0.v20120725-1805
2017-10-24 15:42:43,204 - org.eclipse.equinox.http.jetty - 3.3.0.v20160324-1850
2017-10-24 15:42:43,205 - org.eclipse.equinox.http.registry - 1.1.400.v20150715-1528
2017-10-24 15:42:43,206 - org.eclipse.equinox.http.servlet - 1.3.1.v20160808-1329
2017-10-24 15:42:43,206 - org.eclipse.equinox.jsp.jasper - 1.0.500.v20150119-1358
2017-10-24 15:42:43,207 - org.eclipse.equinox.jsp.jasper.registry - 1.0.300.v20130327-1442
2017-10-24 15:42:43,217 - org.eclipse.help.base - 4.1.2.v20170301-0400
2017-10-24 15:42:43,217 - org.eclipse.help.ui - 4.0.200.v20160510-0758
2017-10-24 15:42:43,225 - org.eclipse.help.webapp - 3.8.0.v20160504-0839
2017-10-24 15:42:43,226 - org.eclipse.jetty.continuation - 9.3.9.v20160517
2017-10-24 15:42:43,227 - org.eclipse.jetty.http - 9.3.9.v20160517
2017-10-24 15:42:43,229 - org.eclipse.jetty.io - 9.3.9.v20160517
2017-10-24 15:42:43,230 - org.eclipse.jetty.security - 9.3.9.v20160517
2017-10-24 15:42:43,232 - org.eclipse.jetty.server - 9.3.9.v20160517
2017-10-24 15:42:43,233 - org.eclipse.jetty.servlet - 9.3.9.v20160517
2017-10-24 15:42:43,235 - org.eclipse.jetty.util - 9.3.9.v20160517
2017-10-24 15:42:43,236 - org.eclipse.core.net - 1.3.0.v20160418-1534
2017-10-24 15:42:43,237 - org.eclipse.equinox.security - 1.2.200.v20150715-1528
2017-10-24 15:42:43,257 - org.tigris.subversion.subclipse.core - 1.10.12
2017-10-24 15:42:43,318 - org.tigris.subversion.subclipse.ui - 1.10.13
2017-10-24 15:42:43,320 - org.tigris.subversion.subclipse.doc - 1.3.0
2017-10-24 15:42:43,347 - org.tigris.subversion.subclipse.tools.usage - 1.1.0
2017-10-24 15:42:43,356 - org.eclipse.mylyn.bugzilla.core - 3.21.0.v20160909-1813
2017-10-24 15:42:43,357 - org.eclipse.mylyn.bugzilla.ui - 3.21.0.v20160909-1813
2017-10-24 15:42:43,437 - org.eclipse.andmore.hierarchyviewer - 0.5.1.201701251432
2017-10-24 15:42:43,440 - org.eclipse.sequoyah.device.backward - 2.1.0.N20120718-0509
2017-10-24 15:42:43,448 - org.eclipse.sequoyah.device.framework - 2.1.0.N20120718-0509
2017-10-24 15:42:43,448 - org.eclipse.sequoyah.device.framework.ui - 2.1.0.N20120718-0509
2017-10-24 15:42:43,449 - org.eclipse.sequoyah.device.service.start - 2.1.0.N20120718-0509
2017-10-24 15:42:43,449 - org.eclipse.sequoyah.device.service.stop - 2.1.0.N20120718-0509
2017-10-24 15:42:43,449 - org.eclipse.sequoyah.device.framework.wizard - 2.1.0.N20120718-0509
2017-10-24 15:42:43,457 - org.eclipse.jpt.dbws.eclipselink.ui - 1.1.200.v201603180253
2017-10-24 15:42:43,458 - org.eclipse.jpt.dbws.eclipselink.core.gen - 1.1.200.v201603180253
2017-10-24 15:42:43,459 - javax.wsdl - 1.6.2.v201012040545
2017-10-24 15:42:43,461 - org.eclipse.persistence.dbws - 2.6.0.v20140809-296a69f
2017-10-24 15:42:43,465 - org.eclipse.persistence.dbws.builder - 2.6.0.v20140809-296a69f
2017-10-24 15:42:43,499 - org.eclipse.jpt.dbws.eclipselink.branding - 1.2.100.v201309202144
2017-10-24 15:42:43,502 - org.eclipse.egit.core - 4.6.1.201703071140-r
2017-10-24 15:42:43,504 - org.eclipse.egit.ui - 4.6.1.201703071140-r
2017-10-24 15:42:43,567 - org.eclipse.egit - 4.6.1.201703071140-r
2017-10-24 15:42:43,568 - org.eclipse.egit.doc - 4.6.1.201703071140-r
2017-10-24 15:42:43,607 - org.eclipse.mylyn.tasks.core - 3.21.0.v20160914-0252
2017-10-24 15:42:43,608 - org.eclipse.mylyn.tasks.index.core - 3.21.0.v20160630-2019
2017-10-24 15:42:43,609 - org.eclipse.mylyn.tasks.index.ui - 3.21.0.v20160630-2019
2017-10-24 15:42:43,610 - org.eclipse.mylyn.tasks.search - 3.21.0.v20160630-2019
2017-10-24 15:42:43,611 - org.eclipse.mylyn.tasks.ui - 3.21.0.v20160913-2131
2017-10-24 15:42:43,619 - org.eclipse.aether.maven - 3.1.0.v20140706-2237
2017-10-24 15:42:43,628 - org.eclipse.gef - 3.11.0.201606061308
2017-10-24 15:42:43,631 - org.eclipse.mylyn.commons.identity.core - 1.13.0.v20160630-1702
2017-10-24 15:42:43,638 - javax.persistence - 2.1.0.v201304241213
2017-10-24 15:42:43,639 - org.eclipse.jpt.jpa.annotate - 1.0.100.v201309261652
2017-10-24 15:42:43,641 - org.eclipse.jpt.jpa.core - 3.5.0.v201603181811
2017-10-24 15:42:43,642 - org.eclipse.jpt.jpa.db - 2.2.200.v201603180253
2017-10-24 15:42:43,642 - org.eclipse.jpt.jpa.db.ui - 2.1.200.v201603180253
2017-10-24 15:42:43,643 - org.eclipse.jpt.jpa.gen - 2.3.200.v201512212242
2017-10-24 15:42:43,644 - org.eclipse.jpt.jpa.ui - 3.4.100.v201607131827
2017-10-24 15:42:43,645 - org.eclipse.jpt.doc.user - 3.2.100.v201308231650
2017-10-24 15:42:43,688 - org.eclipse.persistence.jpa.jpql - 2.6.0.v20140809-296a69f
2017-10-24 15:42:43,689 - org.apache.commons.collections - 3.2.2.v201511171945
2017-10-24 15:42:43,698 - org.apache.commons.lang - 2.6.0.v201404270220
2017-10-24 15:42:43,699 - org.apache.velocity - 1.5.0.v200905192330
2017-10-24 15:42:43,700 - org.jdom - 1.1.1.v201101151400
2017-10-24 15:42:43,701 - org.eclipse.jpt.jpa.branding - 3.4.0.v201309202144
2017-10-24 15:42:43,704 - com.collabnet.subversion.merge - 4.1.0
2017-10-24 15:42:43,708 - org.eclipse.oomph.p2 - 1.7.0.v20170104-1401
2017-10-24 15:42:43,709 - org.eclipse.oomph.p2.core - 1.7.0.v20170228-1751
2017-10-24 15:42:43,710 - org.eclipse.oomph.p2.edit - 1.7.0.v20170104-1401
2017-10-24 15:42:43,711 - org.eclipse.oomph.p2.ui - 1.7.0.v20161231-0937
2017-10-24 15:42:43,712 - org.eclipse.oomph.p2.doc - 1.7.0.v20170104-1401
2017-10-24 15:42:43,738 - org.eclipse.tm.terminal.view.core - 4.2.0.201609191434
2017-10-24 15:42:43,738 - org.eclipse.tm.terminal.view.ui - 4.2.0.201609191434
2017-10-24 15:42:43,859 - org.eclipse.emf.codegen.ui - 2.6.0.v20160526-0356
2017-10-24 15:42:43,863 - org.eclipse.datatools.enablement.sqlite - 1.1.0.201603142002
2017-10-24 15:42:43,865 - org.eclipse.datatools.enablement.sqlite.dbdefinition - 1.1.0.201603142002
2017-10-24 15:42:43,866 - org.eclipse.datatools.enablement.sqlite.ui - 1.1.0.201603142002
2017-10-24 15:42:43,888 - org.eclipse.datatools.enablement.finfo - 1.6.0.201603142002
2017-10-24 15:42:43,892 - org.springframework.ide.eclipse.integration - 3.8.4.201703310634-RELEASE
2017-10-24 15:42:43,896 - org.eclipse.mylyn.commons.notifications.core - 1.13.0.v20160630-1702
2017-10-24 15:42:43,897 - org.eclipse.mylyn.commons.notifications.feed - 1.13.0.v20160721-2347
2017-10-24 15:42:43,897 - org.eclipse.mylyn.commons.notifications.ui - 1.13.0.v20160630-1702
2017-10-24 15:42:43,900 - org.eclipse.emf.converter - 2.7.0.v20160526-0356
2017-10-24 15:42:43,901 - org.eclipse.emf.importer - 2.9.0.v20160526-0356
2017-10-24 15:42:43,902 - org.eclipse.emf.exporter - 2.7.0.v20160526-0356
2017-10-24 15:42:43,902 - org.eclipse.emf.importer.ecore - 2.8.0.v20160526-0356
2017-10-24 15:42:43,903 - org.eclipse.emf.importer.java - 2.7.0.v20160526-0356
2017-10-24 15:42:43,904 - org.eclipse.emf.importer.rose - 2.8.0.v20160526-0356
2017-10-24 15:42:43,914 - org.eclipse.recommenders.rcp - 2.4.6.v20170307-1041
2017-10-24 15:42:43,915 - org.eclipse.recommenders.apidocs - 2.4.6.v20170307-1041
2017-10-24 15:42:43,915 - org.eclipse.recommenders.apidocs.rcp - 2.4.6.v20170307-1041
2017-10-24 15:42:43,916 - org.eclipse.recommenders.calls - 2.4.6.v20170307-1041
2017-10-24 15:42:43,917 - org.eclipse.recommenders.calls.rcp - 2.4.6.v20170307-1041
2017-10-24 15:42:43,918 - org.eclipse.recommenders.chain.rcp - 2.4.6.v20170307-1041
2017-10-24 15:42:43,919 - org.eclipse.recommenders.completion.rcp - 2.4.6.v20170307-1041
2017-10-24 15:42:43,920 - org.eclipse.recommenders.constructors - 2.4.6.v20170307-1041
2017-10-24 15:42:43,921 - org.eclipse.recommenders.constructors.rcp - 2.4.6.v20170307-1041
2017-10-24 15:42:43,922 - org.eclipse.recommenders.coordinates - 2.4.6.v20170307-1041
2017-10-24 15:42:43,922 - org.eclipse.recommenders.coordinates.rcp - 2.4.6.v20170307-1041
2017-10-24 15:42:43,922 - org.eclipse.recommenders.injection - 2.4.6.v20170307-1041
2017-10-24 15:42:43,923 - org.eclipse.recommenders.jayes - 2.4.6.v20170307-1041
2017-10-24 15:42:43,924 - org.eclipse.recommenders.jayes.io - 2.4.6.v20170307-1041
2017-10-24 15:42:43,925 - org.eclipse.recommenders.jdt - 2.4.6.v20170307-1041
2017-10-24 15:42:43,926 - org.eclipse.recommenders.models - 2.4.6.v20170307-1041
2017-10-24 15:42:43,927 - org.eclipse.recommenders.models.rcp - 2.4.6.v20170307-1041
2017-10-24 15:42:43,928 - org.eclipse.recommenders.net - 2.4.6.v20170307-1041
2017-10-24 15:42:43,928 - org.eclipse.recommenders.overrides - 2.4.6.v20170307-1041
2017-10-24 15:42:43,929 - org.eclipse.recommenders.overrides.rcp - 2.4.6.v20170307-1041
2017-10-24 15:42:43,931 - org.eclipse.recommenders.subwords.rcp - 2.4.6.v20170307-1041
2017-10-24 15:42:43,932 - org.eclipse.recommenders.types.rcp - 2.4.6.v20170307-1041
2017-10-24 15:42:43,933 - org.eclipse.recommenders.utils - 2.4.6.v20170307-1041
2017-10-24 15:42:43,934 - org.eclipse.recommenders.utils.rcp - 2.4.6.v20170307-1041
2017-10-24 15:42:43,950 - de.unkrig.cs-contrib.branding - 1.2.14.201710041648
2017-10-24 15:42:43,950 - de.unkrig.cs-contrib.core - 1.2.14.201710041648
2017-10-24 15:42:43,953 - org.eclipse.datatools.enablement.postgresql.dbdefinition - 1.1.0.201603142002
2017-10-24 15:42:43,954 - org.eclipse.datatools.enablement.postgresql - 1.2.0.201603142002
2017-10-24 15:42:43,955 - org.eclipse.datatools.enablement.postgresql.ui - 1.1.0.201603142002
2017-10-24 15:42:43,955 - org.eclipse.datatools.enablement.finfo - 1.6.0.201603142002
2017-10-24 15:42:43,959 - org.eclipse.datatools.enablement.oda.ws.ui - 1.3.0.201603142002
2017-10-24 15:42:43,979 - org.eclipse.datatools.enablement.oda.xml.ui - 1.3.0.201603142002
2017-10-24 15:42:43,980 - org.eclipse.datatools.connectivity.oda.flatfile.ui - 3.2.0.201603142002
2017-10-24 15:42:43,983 - org.eclipse.datatools.connectivity.oda.design.ui - 3.3.0.201603142002
2017-10-24 15:42:43,983 - org.eclipse.datatools.connectivity.ui.dse - 1.2.0.201603142002
2017-10-24 15:42:43,984 - org.eclipse.datatools.connectivity.ui - 1.3.0.201603142002
2017-10-24 15:42:43,985 - org.eclipse.datatools.connectivity.sqm.core - 1.3.0.201603142002
2017-10-24 15:42:43,986 - org.eclipse.datatools.help - 1.6.0.201603142002
2017-10-24 15:42:43,989 - com.android.ide.eclipse.traceview - 23.0.7.2120684
2017-10-24 15:42:43,991 - org.eclipse.m2e.wtp.jsf - 1.3.1.20160831-1005
2017-10-24 15:42:43,996 - org.eclipse.datatools.connectivity.db.generic - 1.1.0.201603142002
2017-10-24 15:42:43,996 - org.eclipse.datatools.connectivity.db.generic.ui - 1.1.0.201603142002
2017-10-24 15:42:43,997 - org.eclipse.datatools.connectivity.dbdefinition.genericJDBC - 1.1.0.201603142002
2017-10-24 15:42:44,000 - org.eclipse.emf.mapping - 2.9.0.v20160526-0356
2017-10-24 15:42:44,053 - org.springframework.ide.eclipse.beans.mylyn - 3.8.4.201703310634-RELEASE
2017-10-24 15:42:44,059 - org.springframework.ide.eclipse.mylyn - 3.8.4.201703310634-RELEASE
2017-10-24 15:42:44,062 - org.eclipse.wst.common.project.facet.core - 1.4.300.v201111030423
2017-10-24 15:42:44,064 - org.eclipse.wst.common.project.facet.ui - 1.4.600.v201505072140
2017-10-24 15:42:44,066 - org.eclipse.emf.ecore - 2.12.0.v20160420-0247
2017-10-24 15:42:44,067 - org.eclipse.emf.ecore.change - 2.11.0.v20160420-0247
2017-10-24 15:42:44,067 - org.eclipse.emf.ecore.xmi - 2.12.0.v20160420-0247
2017-10-24 15:42:44,070 - org.eclipse.datatools.intro - 1.7.0.v201005281800
2017-10-24 15:42:44,072 - org.eclipse.jst.common.project.facet.core - 1.4.500.v201508121553
2017-10-24 15:42:44,073 - org.eclipse.jst.common.project.facet.ui - 1.4.510.v201501141810
2017-10-24 15:42:44,075 - org.eclipse.jgit - 4.6.1.201703071140-r
2017-10-24 15:42:44,076 - org.eclipse.jgit.archive - 4.6.1.201703071140-r
2017-10-24 15:42:44,077 - com.jcraft.jsch - 0.1.54.v20170116-1932
2017-10-24 15:42:44,078 - javaewah - 1.1.6.v20160919-1400
2017-10-24 15:42:44,079 - org.apache.commons.compress - 1.6.0.v201310281400
2017-10-24 15:42:44,079 - org.slf4j.api - 1.7.10.v20170224-1220
2017-10-24 15:42:44,088 - org.slf4j.impl.log4j12 - 1.7.2.v20131105-2200
2017-10-24 15:42:44,090 - org.apache.log4j - 1.2.15.v201012070815
2017-10-24 15:42:44,108 - org.eclipse.mylyn.wikitext.core - 2.10.1.v20161129-1925
2017-10-24 15:42:44,109 - org.eclipse.mylyn.wikitext.core.ant - 2.10.1.v20161129-1925
2017-10-24 15:42:44,110 - org.eclipse.mylyn.wikitext.core.osgi - 2.10.1.v20161129-1925
2017-10-24 15:42:44,112 - org.eclipse.mylyn.wikitext.textile.core - 2.10.1.v20161129-1925
2017-10-24 15:42:44,113 - org.eclipse.mylyn.wikitext.html.core - 2.10.1.v20161129-1925
2017-10-24 15:42:44,113 - org.eclipse.mylyn.wikitext.markdown.core - 2.10.1.v20161129-1925
2017-10-24 15:42:44,114 - org.eclipse.mylyn.wikitext.mediawiki.core - 2.10.1.v20161129-1925
2017-10-24 15:42:44,115 - org.eclipse.mylyn.wikitext.mediawiki.core.ant - 2.10.1.v20161129-1925
2017-10-24 15:42:44,116 - org.eclipse.mylyn.wikitext.confluence.core - 2.10.1.v20161129-1925
2017-10-24 15:42:44,117 - org.eclipse.mylyn.wikitext.tracwiki.core - 2.10.1.v20161129-1925
2017-10-24 15:42:44,118 - org.eclipse.mylyn.wikitext.twiki.core - 2.10.1.v20161129-1925
2017-10-24 15:42:44,119 - org.eclipse.mylyn.wikitext.ui - 2.10.1.v20161129-1925
2017-10-24 15:42:44,120 - org.eclipse.mylyn.wikitext.help.ui - 2.10.1.v20161129-1925
2017-10-24 15:42:44,121 - org.eclipse.mylyn.wikitext.textile.ui - 2.10.1.v20161129-1925
2017-10-24 15:42:44,122 - org.eclipse.mylyn.wikitext.markdown.ui - 2.10.1.v20161129-1925
2017-10-24 15:42:44,123 - org.eclipse.mylyn.wikitext.mediawiki.ui - 2.10.1.v20161129-1925
2017-10-24 15:42:44,124 - org.eclipse.mylyn.wikitext.confluence.ui - 2.10.1.v20161129-1925
2017-10-24 15:42:44,124 - org.eclipse.mylyn.wikitext.tracwiki.ui - 2.10.1.v20161129-1925
2017-10-24 15:42:44,125 - org.eclipse.mylyn.wikitext.twiki.ui - 2.10.1.v20161129-1925
2017-10-24 15:42:44,126 - org.eclipse.mylyn.wikitext.tasks.ui - 2.10.1.v20161129-1925
2017-10-24 15:42:44,127 - org.eclipse.mylyn.wikitext.context.ui - 2.10.1.v20161129-1925
2017-10-24 15:42:44,128 - org.eclipse.mylyn.wikitext.asciidoc.core - 2.10.1.v20161129-1925
2017-10-24 15:42:44,129 - org.eclipse.mylyn.wikitext.asciidoc.ui - 2.10.1.v20161129-1925
2017-10-24 15:42:44,133 - org.eclipse.jpt.jaxb.core - 1.4.100.v201603180253
2017-10-24 15:42:44,133 - org.eclipse.jpt.jaxb.core.schemagen - 1.1.200.v201603180253
2017-10-24 15:42:44,134 - org.eclipse.jpt.jaxb.ui - 1.5.100.v201603180253
2017-10-24 15:42:44,135 - org.eclipse.jpt.jaxb.branding - 1.4.0.v201309202144
2017-10-24 15:42:44,137 - org.eclipse.emf.mapping.ecore.editor - 2.6.0.v20160526-0356
2017-10-24 15:42:44,138 - org.eclipse.emf.mapping.ecore2ecore.editor - 2.7.0.v20160526-0356
2017-10-24 15:42:44,139 - org.eclipse.emf.mapping.ecore2xml.ui - 2.8.0.v20160526-0356
2017-10-24 15:42:44,144 - org.eclipse.datatools.enablement.finfo - 1.6.0.201603142002
2017-10-24 15:42:44,145 - org.eclipse.datatools.sqltools.db.derby.ui - 1.1.0.201603142002
2017-10-24 15:42:44,146 - org.eclipse.datatools.sqltools.db.generic.ui - 1.1.0.201603142002
2017-10-24 15:42:44,148 - org.eclipse.datatools.enablement.jdt.classpath - 1.1.0.201603142002
2017-10-24 15:42:44,153 - org.eclipse.mylyn.discovery.core - 3.21.0.v20160729-1739
2017-10-24 15:42:44,154 - org.eclipse.mylyn.discovery.ui - 3.21.0.v20160630-1702
2017-10-24 15:42:44,158 - org.eclipse.datatools.enablement.mysql.dbdefinition - 1.1.0.201603142002
2017-10-24 15:42:44,159 - org.eclipse.datatools.enablement.mysql - 1.1.0.201603142002
2017-10-24 15:42:44,190 - org.eclipse.datatools.enablement.mysql.ui - 1.1.0.201603142002
2017-10-24 15:42:44,191 - org.eclipse.datatools.enablement.finfo - 1.6.0.201603142002
2017-10-24 15:42:44,194 - org.eclipse.datatools.enablement.msft.sqlserver.dbdefinition - 1.1.0.201603142002
2017-10-24 15:42:44,195 - org.eclipse.datatools.enablement.msft.sqlserver - 1.1.0.201603142002
2017-10-24 15:42:44,196 - org.eclipse.datatools.enablement.msft.sqlserver.ui - 1.1.0.201603142002
2017-10-24 15:42:44,196 - org.eclipse.datatools.enablement.finfo - 1.6.0.201603142002
2017-10-24 15:42:44,200 - org.eclipse.wst.jsdt.chromium.debug.core - 0.5.200.v201701261810
2017-10-24 15:42:44,202 - org.eclipse.wst.jsdt.chromium.debug.ui - 0.6.200.v201701261810
2017-10-24 15:42:44,203 - org.eclipse.wst.jsdt.chromium.debug.js - 0.1.200.v201610211901
2017-10-24 15:42:44,203 - org.eclipse.wst.jsdt.chromium.debug - 0.4.0.v201605131737
2017-10-24 15:42:44,204 - org.eclipse.wst.jsdt.chromium - 0.5.200.v201610211901
2017-10-24 15:42:44,205 - org.eclipse.wst.jsdt.chromium.debug.jsdtbridge - 0.5.200.v201610211901
2017-10-24 15:42:44,215 - org.eclipse.wst.jsdt.chromium.wip.eclipse - 0.5.200.v201610212001
2017-10-24 15:42:44,217 - org.eclipse.wst.jsdt.chromium.wipbackend.dev - 0.5.200.v201610212001
2017-10-24 15:42:44,218 - org.eclipse.wst.jsdt.chromium.wipbackend.protocol_1_0 - 0.5.200.v201610212001
2017-10-24 15:42:44,289 - org.eclipse.sequoyah.localization.android - 2.1.0.N20120718-0509
2017-10-24 15:42:44,290 - org.eclipse.sequoyah.localization.android.help - 2.1.1.N20120718-0509
2017-10-24 15:42:44,292 - org.eclipse.m2e.wtp.jpa - 1.3.1.20160831-1005
2017-10-24 15:42:44,295 - org.eclipse.jst.ws.jaxws.core - 1.0.500.v201701262158
2017-10-24 15:42:44,296 - org.eclipse.jst.ws.jaxws.ui - 1.0.401.v201504291921
2017-10-24 15:42:44,296 - javax.xml.ws - 2.1.0.v200902101523
2017-10-24 15:42:44,297 - javax.jws - 2.0.0.v201005080400
2017-10-24 15:42:44,298 - org.eclipse.jst.ws.annotations.core - 1.2.200.v201311102023
2017-10-24 15:42:44,299 - javax.xml.stream - 1.0.1.v201004272200
2017-10-24 15:42:44,299 - org.eclipse.jst.ws.jaxb.core - 1.0.200.v201309232152
2017-10-24 15:42:44,300 - javax.wsdl - 1.6.2.v201012040545
2017-10-24 15:42:44,300 - org.jdom - 1.1.1.v201101151400
2017-10-24 15:42:44,305 - org.eclipse.datatools.connectivity.doc.user.contexts - 1.7.0.20090521092446
2017-10-24 15:42:44,305 - org.eclipse.datatools.connectivity.doc.user - 1.7.0.20090521092446
2017-10-24 15:42:44,308 - org.eclipse.mylyn.tasks.bugs - 3.21.0.v20160929-1805
2017-10-24 15:42:44,309 - org.eclipse.mylyn.help.ui - 3.21.0.v20160913-2013
2017-10-24 15:42:44,317 - org.tigris.subversion.clientadapter.svnkit - 1.8.9
2017-10-24 15:42:44,321 - org.eclipse.emf.edit - 2.12.0.v20160526-0356
2017-10-24 15:42:44,324 - com.prosyst.tools.common - 3.7.1000.v20160719-1126
2017-10-24 15:42:44,325 - com.prosyst.tools.common.ui - 3.7.1000.v20160719-1126
2017-10-24 15:42:44,328 - com.prosyst.tools.fim.annotations - 3.7.1000.v20160719-1126
2017-10-24 15:42:44,329 - com.prosyst.tools.rlauncher - 3.7.1000.v20160719-1126
2017-10-24 15:42:44,330 - com.prosyst.tools.rlauncher.userdoc - 3.7.1000.v20160719-1126
2017-10-24 15:42:44,331 - com.prosyst.tools.mbsalib - 3.7.1000.v20160719-1126
2017-10-24 15:42:44,332 - com.prosyst.tools.mbsemulator - 3.7.1000.v20160719-1126
2017-10-24 15:42:44,333 - com.prosyst.tools.mbsemulator.userdoc - 3.7.1000.v20160719-1126
2017-10-24 15:42:44,334 - com.prosyst.tools.iagent.rpc - 3.7.1000.v20160719-1126
2017-10-24 15:42:44,335 - com.prosyst.tools.iagent.ext.threadpool - 3.7.1000.v20160719-1126
2017-10-24 15:42:44,335 - com.prosyst.tools.iagent - 3.7.1000.v20160719-1126
2017-10-24 15:42:44,336 - com.prosyst.tools.osgimanagement - 3.7.1000.v20160719-1126
2017-10-24 15:42:44,336 - com.prosyst.tools.osgimanagement.userdoc - 3.7.1000.v20160719-1126
2017-10-24 15:42:44,338 - com.prosyst.tools.builder.ui - 3.7.1000.v20160719-1126
2017-10-24 15:42:44,339 - com.prosyst.tools.builder.userdoc - 3.7.1000.v20160719-1126
2017-10-24 15:42:44,339 - com.prosyst.tools.docapp - 3.7.1000.v20160719-1126
2017-10-24 15:42:44,340 - com.prosyst.tools.targetplatform.ui - 3.7.1000.v20160719-1126
2017-10-24 15:42:44,340 - com.prosyst.tools.par - 3.7.1000.v20160719-1126
2017-10-24 15:42:44,341 - com.prosyst.tools.par.userdoc - 3.7.1000.v20160719-1126
2017-10-24 15:42:44,343 - com.prosyst.tools.tee - 3.7.1000.v20160719-1126
2017-10-24 15:42:44,344 - com.prosyst.tools.tee.userdoc - 3.7.1000.v20160719-1126
2017-10-24 15:42:44,347 - com.prosyst.tools.mprm.eclipse - 3.7.1000.v20160719-1126
2017-10-24 15:42:44,348 - com.prosyst.tools.mprm.eclipse.userdoc - 3.7.1000.v20160719-1126
2017-10-24 15:42:44,351 - org.eclipse.mylyn.commons.core - 3.21.0.v20160707-1856
2017-10-24 15:42:44,352 - org.eclipse.mylyn.commons.screenshots - 3.21.0.v20160630-1702
2017-10-24 15:42:44,352 - org.eclipse.mylyn.commons.ui - 3.21.0.v20160630-1702
2017-10-24 15:42:44,353 - org.eclipse.mylyn.commons.workbench - 3.21.0.v20160630-1702
2017-10-24 15:42:44,357 - org.springframework.ide.eclipse.maven - 3.8.4.201703310634-RELEASE
2017-10-24 15:42:44,361 - org.springframework.ide.eclipse.security - 3.8.4.201703310634-RELEASE
2017-10-24 15:42:44,376 - org.eclipse.mylyn.bugzilla.ide - 3.21.0.v20160912-1820
2017-10-24 15:42:44,377 - org.eclipse.mylyn.ide.ui - 3.21.0.v20160701-1337
2017-10-24 15:42:44,379 - org.eclipse.wst.json.ui - 1.0.1.v201612232230
2017-10-24 15:42:44,380 - org.eclipse.wst.json.bower.ui - 1.0.0.v201605201503
2017-10-24 15:42:44,381 - org.eclipse.wst.json.eslint.ui - 1.0.0.v201605201503
2017-10-24 15:42:44,382 - org.eclipse.wst.json.jshint.ui - 1.0.0.v201605201503
2017-10-24 15:42:44,383 - org.eclipse.wst.json.npm.ui - 1.0.0.v201605201503
2017-10-24 15:42:44,386 - org.eclipse.emf.databinding.edit - 1.3.0.v20160526-0356
2017-10-24 15:42:44,388 - org.eclipse.emf.codegen.ecore - 2.12.0.v20160526-0356
2017-10-24 15:42:44,389 - org.eclipse.emf.ant - 2.8.0.v20160526-0356
2017-10-24 15:42:44,392 - org.eclipse.m2e.archetype.common - 1.7.0.20160603-1931
2017-10-24 15:42:44,393 - org.eclipse.m2e.maven.indexer - 1.7.0.20160603-1931
2017-10-24 15:42:44,394 - org.eclipse.m2e.model.edit - 1.7.0.20160603-1933
2017-10-24 15:42:44,394 - org.eclipse.m2e.core - 1.7.0.20160603-1933
2017-10-24 15:42:44,395 - org.eclipse.m2e.launching - 1.7.0.20160603-1933
2017-10-24 15:42:44,395 - org.eclipse.m2e.workspace.cli - 0.3.1
2017-10-24 15:42:44,396 - org.eclipse.m2e.jdt - 1.7.0.20160603-1933
2017-10-24 15:42:44,397 - org.eclipse.m2e.editor - 1.7.0.20160603-1933
2017-10-24 15:42:44,398 - org.eclipse.m2e.editor.xml - 1.7.0.20160603-1933
2017-10-24 15:42:44,399 - org.eclipse.m2e.maven.runtime - 1.7.0.20160603-1931
2017-10-24 15:42:44,401 - org.eclipse.m2e.maven.runtime.slf4j.simple - 1.7.0.20160603-1931
2017-10-24 15:42:44,401 - org.eclipse.m2e.refactoring - 1.7.0.20160603-1933
2017-10-24 15:42:44,402 - org.eclipse.m2e.lifecyclemapping.defaults - 1.7.0.20160603-1933
2017-10-24 15:42:44,403 - org.eclipse.m2e.discovery - 1.7.0.20160603-1933
2017-10-24 15:42:44,403 - org.eclipse.m2e.core.ui - 1.7.0.20160603-1933
2017-10-24 15:42:44,404 - org.eclipse.m2e.scm - 1.7.0.20160603-1933
2017-10-24 15:42:44,405 - org.eclipse.m2e.jdt.ui - 1.7.0.20160603-1933
2017-10-24 15:42:44,480 - org.eclipse.m2e.profiles.core - 1.7.0.20160603-1933
2017-10-24 15:42:44,481 - org.eclipse.m2e.profiles.ui - 1.7.0.20160603-1933
2017-10-24 15:42:44,482 - org.eclipse.m2e.importer - 1.7.0.20160603-1933
2017-10-24 15:42:44,486 - org.springframework.ide.eclipse.aop.core - 3.8.4.201703310634-RELEASE
2017-10-24 15:42:44,487 - org.springframework.ide.eclipse.aop.ui - 3.8.4.201703310634-RELEASE
2017-10-24 15:42:44,488 - org.springframework.ide.eclipse.aop.ui.matcher - 3.8.4.201703310634-RELEASE
2017-10-24 15:42:44,491 - org.eclipse.andmore.ndk - 0.5.1.201701251432
2017-10-24 15:42:44,513 - org.eclipse.datatools.connectivity.oda.consumer - 3.3.0.201603142002
2017-10-24 15:42:44,514 - org.eclipse.datatools.connectivity.oda.design - 3.4.0.201603142002
2017-10-24 15:42:44,515 - org.eclipse.datatools.connectivity.oda.profile - 3.3.0.201603142002
2017-10-24 15:42:44,515 - org.eclipse.datatools.connectivity.oda - 3.5.0.201603142002
2017-10-24 15:42:44,515 - org.eclipse.datatools.connectivity - 1.13.0.201603142002
2017-10-24 15:42:44,537 - org.eclipse.cft.server.core - 1.2.1.v201703012110
2017-10-24 15:42:44,537 - org.eclipse.cft.server.branding.core - 1.0.2.v201703012110
2017-10-24 15:42:44,541 - org.eclipse.cft.server.standalone.core - 1.0.4.v201703012110
2017-10-24 15:42:44,545 - org.eclipse.andmore.android.certmanager - 0.5.1.201701251432
2017-10-24 15:42:44,547 - org.eclipse.sequoyah.localization.tools - 2.1.0.N20120718-0509
2017-10-24 15:42:44,548 - org.eclipse.sequoyah.localization.editor - 2.1.0.N20120718-0509
2017-10-24 15:42:44,551 - biz.aQute.bndlib - 3.3.0.201609221906
2017-10-24 15:42:44,560 - biz.aQute.repository - 3.3.0.201609221907
2017-10-24 15:42:44,560 - biz.aQute.resolve - 3.3.0.201609221907
2017-10-24 15:42:44,561 - bndtools.api - 3.3.0.201609222050
2017-10-24 15:42:44,561 - bndtools.core - 3.3.0.201609222050
2017-10-24 15:42:44,561 - bndtools.builder - 3.3.0.201609222050
2017-10-24 15:42:44,561 - bndtools.repository.base - 3.3.0.201609222050
2017-10-24 15:42:44,561 - bndtools.jareditor - 3.3.0.201609222050
2017-10-24 15:42:44,563 - bndtools.release - 3.3.0.201609222050
2017-10-24 15:42:44,564 - org.bndtools.embeddedrepo - 3.3.0.201609222050
2017-10-24 15:42:44,564 - org.osgi.impl.bundle.repoindex.lib - 3.3.0.201609221907
2017-10-24 15:42:44,564 - org.bndtools.headless.build.manager - 3.3.0.201609222050
2017-10-24 15:42:44,564 - org.bndtools.headless.build.plugin.ant - 3.3.0.201609222050
2017-10-24 15:42:44,564 - org.bndtools.headless.build.plugin.gradle - 3.3.0.201609222050
2017-10-24 15:42:44,565 - org.bndtools.versioncontrol.ignores.manager - 3.3.0.201609222050
2017-10-24 15:42:44,565 - org.bndtools.versioncontrol.ignores.plugin.git - 3.3.0.201609222051
2017-10-24 15:42:44,565 - org.bndtools.templating - 3.3.0.201609222050
2017-10-24 15:42:44,565 - org.bndtools.templating.gitrepo - 3.3.0.201609222050
2017-10-24 15:42:44,565 - org.slf4j.api - 1.7.10.v20170224-1220
2017-10-24 15:42:44,566 - javax.xml - 1.3.4.v201005080400
2017-10-24 15:42:44,566 - javax.xml.stream - 1.0.1.v201004272200
2017-10-24 15:42:44,569 - org.eclipse.mylyn.team.ui - 3.21.0.v20160701-1337
2017-10-24 15:42:44,572 - org.eclipse.emf.common.ui - 2.11.0.v20160526-0356
2017-10-24 15:42:44,589 - org.tigris.subversion.subclipse.mylyn - 3.0.0
2017-10-24 15:42:44,600 - org.eclipse.sequoyah.device.common.utilities - 2.1.0.N20120718-0509
2017-10-24 15:42:44,608 - org.eclipse.emf.mapping.ui - 2.7.0.v20160526-0356
2017-10-24 15:42:44,662 - org.apache.commons.net - 3.2.0.v201305141515
2017-10-24 15:42:44,663 - org.eclipse.rse.connectorservice.telnet - 1.2.300.201505220524
2017-10-24 15:42:44,663 - org.eclipse.rse.services.telnet - 2.0.400.201403100950
2017-10-24 15:42:44,665 - org.eclipse.rse.subsystems.shells.telnet - 1.2.300.201403100950
2017-10-24 15:42:44,670 - com.ge.predixsdk.branding - 17.1.0.v20170401
2017-10-24 15:42:44,674 - org.eclipse.datatools.connectivity.oda.template.ui - 3.3.0.201603142002
2017-10-24 15:42:44,681 - org.eclipse.datatools.enablement.ibm - 1.1.0.201603142002
2017-10-24 15:42:44,682 - org.eclipse.datatools.enablement.ibm.db2 - 1.1.0.201603142002
2017-10-24 15:42:44,682 - org.eclipse.datatools.enablement.ibm.db2.iseries.dbdefinition - 1.1.0.201603142002
2017-10-24 15:42:44,683 - org.eclipse.datatools.enablement.ibm.db2.iseries - 1.1.0.201603142002
2017-10-24 15:42:44,684 - org.eclipse.datatools.enablement.ibm.db2.iseries.ui - 1.1.0.201603142002
2017-10-24 15:42:44,685 - org.eclipse.datatools.enablement.ibm.db2.luw.dbdefinition - 1.1.0.201603142002
2017-10-24 15:42:44,686 - org.eclipse.datatools.enablement.ibm.db2.luw - 1.1.0.201603142002
2017-10-24 15:42:44,687 - org.eclipse.datatools.enablement.ibm.db2.luw.ui - 1.1.0.201603142002
2017-10-24 15:42:44,687 - org.eclipse.datatools.enablement.ibm.db2.zseries.dbdefinition - 1.1.0.201603142002
2017-10-24 15:42:44,688 - org.eclipse.datatools.enablement.ibm.db2.zseries - 1.1.0.201603142002
2017-10-24 15:42:44,689 - org.eclipse.datatools.enablement.ibm.db2.zseries.ui - 1.1.0.201603142002
2017-10-24 15:42:44,689 - org.eclipse.datatools.enablement.ibm.informix.dbdefinition - 1.1.0.201603142002
2017-10-24 15:42:44,690 - org.eclipse.datatools.enablement.ibm.informix - 1.1.0.201603142002
2017-10-24 15:42:44,691 - org.eclipse.datatools.enablement.ibm.informix.ui - 1.1.0.201603142002
2017-10-24 15:42:44,692 - org.eclipse.datatools.enablement.ibm.ui - 1.1.0.201603142002
2017-10-24 15:42:44,712 - net.sf.eclipsecs.branding - 8.0.0.201707161029
2017-10-24 15:42:44,712 - net.sf.eclipsecs.core - 8.0.0.201707161816
2017-10-24 15:42:44,720 - net.sf.eclipsecs.doc - 8.0.0.201707161252
2017-10-24 15:42:44,722 - net.sf.eclipsecs.checkstyle - 8.0.0.201707161252
2017-10-24 15:42:44,728 - net.sf.eclipsecs.ui - 8.0.0.201707161819
2017-10-24 15:42:44,730 - org.jboss.tools.maven.apt.core - 1.3.0.201610261805
2017-10-24 15:42:44,731 - org.jboss.tools.maven.apt.ui - 1.3.0.201610261805
2017-10-24 15:42:44,736 - org.eclipse.rse.core - 3.3.100.201603151753
2017-10-24 15:42:44,737 - org.eclipse.rse.doc.user - 3.4.100.201403101646
2017-10-24 15:42:44,738 - org.eclipse.rse.efs - 2.1.401.201507172212
2017-10-24 15:42:44,739 - org.eclipse.rse.efs.ui - 2.1.400.201403100950
2017-10-24 15:42:44,740 - org.eclipse.rse.importexport - 1.2.300.201403100950
2017-10-24 15:42:44,740 - org.eclipse.rse.files.ui - 3.2.200.201507172213
2017-10-24 15:42:44,742 - org.eclipse.rse.processes.ui - 3.0.400.201403100950
2017-10-24 15:42:44,742 - org.eclipse.rse.services - 3.3.0.201506120731
2017-10-24 15:42:44,742 - org.eclipse.rse.shells.ui - 3.0.500.201403271554
2017-10-24 15:42:44,743 - org.eclipse.rse.subsystems.files.core - 3.3.1.201403100950
2017-10-24 15:42:44,744 - org.eclipse.rse.subsystems.processes.core - 3.1.300.201403100950
2017-10-24 15:42:44,744 - org.eclipse.rse.subsystems.processes.shell.linux - 1.1.400.201403100950
2017-10-24 15:42:44,745 - org.eclipse.rse.subsystems.shells.core - 3.1.300.201403271554
2017-10-24 15:42:44,745 - org.eclipse.rse.ui - 3.3.300.201610252046
2017-10-24 15:42:44,748 - org.eclipse.jpt.common.eclipselink.core - 1.3.200.v201603180253
2017-10-24 15:42:44,748 - org.eclipse.jpt.common.eclipselink.branding - 1.3.100.v201309202144
2017-10-24 15:42:44,750 - org.tigris.subversion.subclipse.graph - 1.1.1
2017-10-24 15:42:44,755 - org.eclipse.datatools.connectivity.sqm.core.ui - 1.3.0.201603142002
2017-10-24 15:42:44,755 - org.eclipse.datatools.connectivity.sqm.core - 1.3.0.201603142002
2017-10-24 15:42:44,756 - org.eclipse.datatools.connectivity.sqm.server.ui - 1.2.0.201603142002
2017-10-24 15:42:44,756 - org.eclipse.datatools.connectivity.ui.dse - 1.2.0.201603142002
2017-10-24 15:42:44,756 - org.eclipse.datatools.connectivity.ui - 1.3.0.201603142002
2017-10-24 15:42:44,756 - org.eclipse.datatools.connectivity - 1.13.0.201603142002
2017-10-24 15:42:44,756 - org.eclipse.datatools.help - 1.6.0.201603142002
2017-10-24 15:42:44,757 - org.eclipse.datatools.connectivity.console.profile - 1.1.0.201603142002
2017-10-24 15:42:44,761 - org.eclipse.wst.jsdt.core - 2.0.200.v201612211424
2017-10-24 15:42:44,762 - org.eclipse.wst.jsdt.nashorn.extension - 1.0.2.v201610280128
2017-10-24 15:42:44,763 - org.eclipse.wst.jsdt.manipulation - 1.0.601.v201602241911
2017-10-24 15:42:44,763 - org.eclipse.wst.jsdt.ui - 2.0.200.v201612151739
2017-10-24 15:42:44,764 - org.eclipse.wst.jsdt.support.firefox - 1.0.501.v201602241911
2017-10-24 15:42:44,765 - org.eclipse.wst.jsdt.support.ie - 1.0.601.v201602241911
2017-10-24 15:42:44,766 - org.eclipse.wst.jsdt.doc - 2.0.200.v201610220243
2017-10-24 15:42:44,767 - org.eclipse.wst.jsdt.debug.core - 3.2.200.v201610211901
2017-10-24 15:42:44,768 - org.eclipse.wst.jsdt.debug.transport - 1.0.300.v201502261613
2017-10-24 15:42:44,769 - org.eclipse.wst.jsdt.debug.crossfire - 1.0.500.v201505071819
2017-10-24 15:42:44,770 - org.eclipse.wst.jsdt.debug.rhino - 1.0.500.v201605251607
2017-10-24 15:42:44,771 - org.eclipse.wst.jsdt.debug.rhino.debugger - 1.0.600.v201604292217
2017-10-24 15:42:44,772 - org.eclipse.wst.jsdt.debug.ui - 1.0.600.v201605311817
2017-10-24 15:42:44,773 - org.mozilla.javascript - 1.7.5.v201504281450
2017-10-24 15:42:44,782 - org.tigris.subversion.clientadapter - 1.10.3
2017-10-24 15:42:44,785 - org.eclipse.datatools.common.doc.user - 1.7.0.20090521092446
2017-10-24 15:42:44,790 - org.eclipse.wst.jsdt.web.core - 1.0.801.v201602241914
2017-10-24 15:42:44,791 - org.eclipse.wst.jsdt.web.ui - 1.0.801.v201602241914
2017-10-24 15:42:44,792 - org.eclipse.wst.html.ui.infopop - 1.0.201.v201409111852
2017-10-24 15:42:44,793 - org.eclipse.wst.web.ui.infopop - 1.0.300.v200805140206
2017-10-24 15:42:44,794 - org.eclipse.wst.css.ui - 1.0.1001.v201608060346
2017-10-24 15:42:44,795 - org.eclipse.wst.html.ui - 1.0.1101.v201608060430
2017-10-24 15:42:44,795 - org.eclipse.wst.web.ui - 1.1.601.v201602221748
2017-10-24 15:42:44,829 - org.eclipse.rse - 3.5.0.201403100950
2017-10-24 15:42:44,832 - org.eclipse.rse.services.local - 2.2.1.201507180454
2017-10-24 15:42:44,833 - org.eclipse.rse.subsystems.files.local - 2.1.300.201403251512
2017-10-24 15:42:44,834 - org.eclipse.rse.subsystems.processes.local - 2.1.400.201403100950
2017-10-24 15:42:44,834 - org.eclipse.rse.subsystems.shells.local - 2.1.400.201403100950
2017-10-24 15:42:44,834 - org.eclipse.rse.connectorservice.local - 2.1.400.201403100950
2017-10-24 15:42:44,837 - org.eclipse.datatools.enablement.hsqldb - 1.1.0.201603142002
2017-10-24 15:42:44,838 - org.eclipse.datatools.enablement.hsqldb.dbdefinition - 1.1.0.201603142002
2017-10-24 15:42:44,839 - org.eclipse.datatools.enablement.hsqldb.ui - 1.1.0.201603142002
2017-10-24 15:42:44,839 - org.eclipse.datatools.enablement.finfo - 1.6.0.201603142002
2017-10-24 15:42:44,841 - org.eclipse.datatools.sqltools.doc.user - 1.7.0.20090521092446
2017-10-24 15:42:44,842 - org.eclipse.datatools.sqltools.doc.user.contexts - 1.7.0.20090521092446
2017-10-24 15:42:44,846 - org.tigris.subversion.clientadapter.javahl - 1.9.3
2017-10-24 15:42:44,847 - org.tigris.subversion.clientadapter.javahl.win64 - 1.9.3
2017-10-24 15:42:44,849 - org.eclipse.m2e.wtp - 1.3.1.20160831-1005
2017-10-24 15:42:44,857 - org.eclipse.m2e.wtp.overlay - 1.3.1.20160831-1005
2017-10-24 15:42:44,861 - org.eclipse.m2e.wtp.overlay.ui - 1.3.1.20160831-1005
2017-10-24 15:42:44,865 - org.eclipse.jpt.common.utility - 2.4.0.v201603181811
2017-10-24 15:42:44,866 - org.eclipse.jpt.common.core - 1.5.0.v201603181811
2017-10-24 15:42:44,867 - org.eclipse.jpt.common.ui - 1.4.100.v201607281951
2017-10-24 15:42:44,867 - org.eclipse.jpt.common.branding - 1.4.0.v201309202144
2017-10-24 15:42:44,872 - org.eclipse.emf.edit.ui - 2.12.0.v20160526-0356
2017-10-24 15:42:44,896 - org.eclipse.help - 3.7.0.v20160602-1307
2017-10-24 15:42:44,897 - org.eclipse.ui - 3.108.1.v20160929-1045
2017-10-24 15:42:44,897 - org.eclipse.ui.workbench - 3.108.3.v20170216-1539
2017-10-24 15:42:44,898 - org.eclipse.update.configurator - 3.3.400.v20160506-0750
2017-10-24 15:42:44,898 - org.eclipse.rcp - 4.6.3.v20170301-0400
2017-10-24 15:42:44,902 - org.eclipse.persistence.moxy - 2.6.0.v20130815-a4708b6
2017-10-24 15:42:44,904 - org.eclipse.jpt.jaxb.eclipselink.core - 1.3.200.v201603180253
2017-10-24 15:42:44,905 - org.eclipse.jpt.jaxb.eclipselink.ui - 1.4.200.v201603180253
2017-10-24 15:42:44,906 - org.eclipse.jpt.jaxb.eclipselink.core.schemagen - 1.2.200.v201603180253
2017-10-24 15:42:44,906 - org.eclipse.jpt.jaxb.eclipselink.branding - 1.4.100.v201309202144
2017-10-24 15:42:44,909 - org.eclipse.datatools.connectivity.apache.derby.dbdefinition - 1.1.0.201603142002
2017-10-24 15:42:44,910 - org.eclipse.datatools.connectivity.apache.derby.ui - 1.1.0.201603142002
2017-10-24 15:42:44,911 - org.eclipse.datatools.connectivity.apache.derby - 1.1.0.201603142002
2017-10-24 15:42:44,912 - org.eclipse.datatools.modelbase.derby - 1.1.0.201603142002
2017-10-24 15:42:44,912 - org.eclipse.datatools.sqltools.db.derby - 1.1.0.201603142002
2017-10-24 15:42:44,918 - org.springframework.ide.eclipse.aeri - 3.8.4.201703310634-RELEASE
2017-10-24 15:42:44,920 - org.eclipse.jdt - 3.12.3.v20170301-0400
2017-10-24 15:42:44,920 - org.eclipse.ant.ui - 3.6.201.v20161115-1135
2017-10-24 15:42:44,921 - org.eclipse.jdt.apt.core - 3.4.100.v20160525-0952
2017-10-24 15:42:44,922 - org.eclipse.jdt.apt.ui - 3.4.100.v20160418-1457
2017-10-24 15:42:44,923 - org.eclipse.jdt.apt.pluggable.core - 1.1.100.v20160418-1457
2017-10-24 15:42:44,923 - org.eclipse.jdt.compiler.apt - 1.2.100.v20160418-1457
2017-10-24 15:42:44,924 - org.eclipse.jdt.compiler.tool - 1.1.100.v20160418-1457
2017-10-24 15:42:44,924 - org.eclipse.jdt.core - 3.12.3.v20170228-1205
2017-10-24 15:42:44,925 - org.eclipse.jdt.annotation - 2.1.0.v20160418-1457
2017-10-24 15:42:44,925 - org.eclipse.jdt.annotation - 2.1.0.v20160418-1457
2017-10-24 15:42:44,926 - org.eclipse.jdt.core.manipulation - 1.7.0.v20160419-0705
2017-10-24 15:42:44,926 - org.eclipse.jdt.debug.ui - 3.7.201.v20160811-0450
2017-10-24 15:42:44,929 - org.eclipse.jdt.debug - 3.10.1.v20160811-0441
2017-10-24 15:42:44,930 - org.eclipse.jdt.junit - 3.9.0.v20160421-1701
2017-10-24 15:42:44,931 - org.eclipse.jdt.junit.core - 3.8.0.v20160421-1701
2017-10-24 15:42:44,931 - org.eclipse.jdt.junit.runtime - 3.4.600.v20160505-0715
2017-10-24 15:42:44,934 - org.eclipse.jdt.junit4.runtime - 1.1.600.v20160505-0715
2017-10-24 15:42:44,935 - org.eclipse.jdt.launching - 3.8.101.v20161111-2014
2017-10-24 15:42:44,935 - org.eclipse.jdt.ui - 3.12.2.v20160929-0804
2017-10-24 15:42:44,936 - org.junit - 4.12.0.v201504281640
2017-10-24 15:42:44,937 - org.hamcrest.core - 1.3.0.v201303031735
2017-10-24 15:42:44,938 - org.eclipse.jdt.doc.user - 3.12.1.v20160727-2009
2017-10-24 15:42:44,939 - org.eclipse.ant.launching - 1.1.201.v20161115-1135
2017-10-24 15:42:44,941 - org.eclipse.emf.common - 2.12.0.v20160420-0247
2017-10-24 15:42:44,982 - org.eclipse.egit.mylyn.ui - 4.6.1.201703071140-r
2017-10-24 15:42:44,985 - org.eclipse.sequoyah.vnc.vncviewer.vncviews - 2.1.0.N20120718-0509
2017-10-24 15:42:44,988 - org.springframework.ide.eclipse - 3.8.4.201703310634-RELEASE
2017-10-24 15:42:44,989 - org.springframework.ide.eclipse.core - 3.8.4.201703310634-RELEASE
2017-10-24 15:42:44,989 - org.springframework.ide.eclipse.doc - 3.8.4.201703310634-RELEASE
2017-10-24 15:42:44,990 - org.springframework.ide.eclipse.ui - 3.8.4.201703310634-RELEASE
2017-10-24 15:42:44,990 - org.springframework.ide.eclipse.beans.core - 3.8.4.201703310634-RELEASE
2017-10-24 15:42:44,991 - org.springframework.ide.eclipse.beans.core.metadata - 3.8.4.201703310634-RELEASE
2017-10-24 15:42:44,992 - org.springframework.ide.eclipse.beans.ui - 3.8.4.201703310634-RELEASE
2017-10-24 15:42:44,993 - org.springframework.ide.eclipse.beans.ui.graph - 3.8.4.201703310634-RELEASE
2017-10-24 15:42:44,994 - org.springframework.ide.eclipse.beans.ui.livegraph - 3.8.4.201703310634-RELEASE
2017-10-24 15:42:44,995 - org.springframework.ide.eclipse.beans.ui.editor - 3.8.4.201703310634-RELEASE
2017-10-24 15:42:44,996 - org.springframework.ide.eclipse.beans.ui.search - 3.8.4.201703310634-RELEASE
2017-10-24 15:42:44,997 - org.springframework.ide.eclipse.beans.ui.refactoring - 3.8.4.201703310634-RELEASE
2017-10-24 15:42:44,998 - org.springframework.ide.eclipse.quickfix - 3.8.4.201703310634-RELEASE
2017-10-24 15:42:44,998 - org.springframework.ide.eclipse.metadata - 3.8.4.201703310634-RELEASE
2017-10-24 15:42:44,999 - org.springframework.ide.eclipse.bestpractices - 3.8.4.201703310634-RELEASE
2017-10-24 15:42:45,000 - org.springframework.ide.eclipse.config.core - 3.8.4.201703310634-RELEASE
2017-10-24 15:42:45,001 - org.springframework.ide.eclipse.config.graph - 3.8.4.201703310634-RELEASE
2017-10-24 15:42:45,002 - org.springframework.ide.eclipse.config.ui - 3.8.4.201703310634-RELEASE
2017-10-24 15:42:45,004 - org.springframework.ide.eclipse.wizard - 3.8.4.201703310634-RELEASE
2017-10-24 15:42:45,005 - org.springframework.ide.eclipse.gradle - 3.8.4.201703310634-RELEASE
2017-10-24 15:42:45,006 - org.springframework.ide.eclipse.buildship - 3.8.4.201703310634-RELEASE
2017-10-24 15:42:45,007 - org.springframework.ide.eclipse.buildship20 - 3.8.4.201703310634-RELEASE
2017-10-24 15:42:45,007 - org.springframework.aop - 4.3.0.20160611-RELEASE
2017-10-24 15:42:45,007 - org.springframework.beans - 4.3.0.20160611-RELEASE
2017-10-24 15:42:45,008 - org.springframework.context - 4.3.0.20160611-RELEASE
2017-10-24 15:42:45,010 - org.springframework.context.support - 4.3.0.20160611-RELEASE
2017-10-24 15:42:45,011 - org.springframework.core - 4.3.0.20160611-RELEASE
2017-10-24 15:42:45,012 - org.springframework.expression - 4.3.0.20160611-RELEASE
2017-10-24 15:42:45,012 - org.springframework.jdbc - 4.3.0.20160611-RELEASE
2017-10-24 15:42:45,012 - org.springframework.jms - 4.3.0.20160611-RELEASE
2017-10-24 15:42:45,016 - org.springframework.orm - 4.3.0.20160611-RELEASE
2017-10-24 15:42:45,017 - org.springframework.oxm - 4.3.0.20160611-RELEASE
2017-10-24 15:42:45,017 - org.springframework.transaction - 4.3.0.20160611-RELEASE
2017-10-24 15:42:45,019 - org.springframework.web - 4.3.0.20160611-RELEASE
2017-10-24 15:42:45,020 - org.springframework.web.servlet - 4.3.0.20160611-RELEASE
2017-10-24 15:42:45,021 - javax.validation - 1.0.0.GA_v201205091237
2017-10-24 15:42:45,022 - org.springframework.ide.eclipse.boot - 3.8.4.201703310634-RELEASE
2017-10-24 15:42:45,023 - org.springframework.ide.eclipse.boot.templates - 3.8.4.201703310634-RELEASE
2017-10-24 15:42:45,024 - org.springframework.ide.eclipse.boot.launch - 3.8.4.201703310634-RELEASE
2017-10-24 15:42:45,025 - org.springframework.ide.eclipse.boot.properties.editor - 3.8.4.201703310634-RELEASE
2017-10-24 15:42:45,026 - org.springframework.ide.eclipse.boot.properties.editor.yaml - 3.8.4.201703310634-RELEASE
2017-10-24 15:42:45,027 - org.springframework.ide.eclipse.editor.support - 3.8.4.201703310634-RELEASE
2017-10-24 15:42:45,028 - org.springframework.ide.eclipse.boot.wizard - 3.8.4.201703310634-RELEASE
2017-10-24 15:42:45,028 - org.springframework.ide.eclipse.imports - 3.8.4.201703310634-RELEASE
2017-10-24 15:42:45,032 - org.eclipse.datatools.enablement.sybase.asa.models - 1.1.0.201603142002
2017-10-24 15:42:45,033 - org.eclipse.datatools.enablement.sybase.ase.models - 1.1.0.201603142002
2017-10-24 15:42:45,033 - org.eclipse.datatools.enablement.sybase.asa - 1.1.0.201603142002
2017-10-24 15:42:45,034 - org.eclipse.datatools.enablement.sybase.ase - 1.1.0.201603142002
2017-10-24 15:42:45,101 - org.eclipse.datatools.enablement.sybase.ase.dbdefinition - 1.1.0.201603142002
2017-10-24 15:42:45,102 - org.eclipse.datatools.enablement.sybase.asa.dbdefinition - 1.1.0.201603142002
2017-10-24 15:42:45,103 - org.eclipse.datatools.enablement.sybase.asa.ui - 1.1.0.201603142002
2017-10-24 15:42:45,104 - org.eclipse.datatools.enablement.sybase.ase.ui - 1.1.0.201603142002
2017-10-24 15:42:45,104 - org.eclipse.datatools.enablement.sybase - 1.1.0.201603142002
2017-10-24 15:42:45,105 - org.eclipse.datatools.enablement.sybase.models - 1.1.0.201603142002
2017-10-24 15:42:45,106 - org.eclipse.datatools.enablement.sybase.ui - 1.1.0.201603142002
2017-10-24 15:42:45,107 - org.eclipse.datatools.enablement.sybase.asa.schemaobjecteditor.examples - 2.6.0.200810071
2017-10-24 15:42:45,112 - org.jdom - 1.1.1.v201101151400
2017-10-24 15:42:45,114 - org.eclipse.jst.ws.cxf.consumption.core - 1.0.400.v201701262158
2017-10-24 15:42:45,114 - org.eclipse.jst.ws.cxf.consumption.ui - 1.0.400.v201701262158
2017-10-24 15:42:45,114 - org.eclipse.jst.ws.cxf.core - 1.1.300.v201701262158
2017-10-24 15:42:45,115 - org.eclipse.jst.ws.cxf.creation.core - 1.0.500.v201701262158
2017-10-24 15:42:45,116 - org.eclipse.jst.ws.cxf.creation.ui - 1.0.300.v201403242125
2017-10-24 15:42:45,117 - org.eclipse.jst.ws.cxf.ui - 1.0.300.v201309232152
2017-10-24 15:42:45,117 - javax.wsdl - 1.6.2.v201012040545
2017-10-24 15:42:45,117 - javax.jws - 2.0.0.v201005080400
2017-10-24 15:42:45,117 - javax.xml.stream - 1.0.1.v201004272200
2017-10-24 15:42:45,117 - javax.xml.ws - 2.1.0.v200902101523
2017-10-24 15:42:45,121 - org.springframework.ide.eclipse.webflow.core - 3.8.4.201703310634-RELEASE
2017-10-24 15:42:45,122 - org.springframework.ide.eclipse.webflow.ui - 3.8.4.201703310634-RELEASE
2017-10-24 15:42:45,123 - org.springframework.ide.eclipse.webflow.ui.editor - 3.8.4.201703310634-RELEASE
2017-10-24 15:42:45,125 - org.springframework.ide.eclipse.webflow.ui.graph - 3.8.4.201703310634-RELEASE
2017-10-24 15:42:45,125 - org.springframework.web - 4.3.0.20160611-RELEASE
2017-10-24 15:42:45,125 - org.springframework.web.servlet - 4.3.0.20160611-RELEASE
2017-10-24 15:42:45,125 - javax.validation - 1.0.0.GA_v201205091237
2017-10-24 15:42:45,127 - org.eclipse.datatools.sqltools.common.ui - 1.1.0.201603142002
2017-10-24 15:42:45,128 - org.eclipse.datatools.sqltools.debugger.core - 1.1.0.201603142002
2017-10-24 15:42:45,129 - org.eclipse.datatools.sqltools.editor.core - 1.1.0.201603142002
2017-10-24 15:42:45,129 - org.eclipse.datatools.sqltools.plan - 1.1.0.201603142002
2017-10-24 15:42:45,130 - org.eclipse.datatools.sqltools.routineeditor - 1.1.0.201603142002
2017-10-24 15:42:45,131 - org.eclipse.datatools.sqltools.sql - 1.1.0.201603142002
2017-10-24 15:42:45,132 - org.eclipse.datatools.sqltools.sqleditor - 1.1.0.201603142002
2017-10-24 15:42:45,133 - org.eclipse.datatools.sqltools.sqlscrapbook - 1.1.0.201603142002
2017-10-24 15:42:45,133 - org.eclipse.datatools.help - 1.6.0.201603142002
2017-10-24 15:42:45,134 - org.eclipse.datatools.sqltools.db.generic - 1.1.0.201603142002
2017-10-24 15:42:45,135 - org.eclipse.datatools.sqltools.debugger.core.ui - 1.1.0.201603142002
2017-10-24 15:42:45,135 - org.eclipse.datatools.sqltools.editor.core.ui - 1.1.0.201603142002
2017-10-24 15:42:45,136 - org.eclipse.datatools.sqltools.result.ui - 1.2.0.201603142002
2017-10-24 15:42:45,136 - org.eclipse.datatools.sqltools.routineeditor.ui - 1.1.0.201603142002
2017-10-24 15:42:45,137 - org.eclipse.datatools.sqltools.sql.ui - 1.1.0.201603142002
2017-10-24 15:42:45,140 - com.android.ide.eclipse.base - 23.0.7.2120684
2017-10-24 15:42:45,140 - com.android.ide.eclipse.ddms - 23.0.7.2120684
2017-10-24 15:42:45,144 - org.objectweb.asm - 5.0.1.v201404251740
2017-10-24 15:42:45,144 - org.eclipse.andmore - 0.5.1.201701251432
2017-10-24 15:42:45,144 - org.eclipse.andmore.base - 0.5.1.201701251432
2017-10-24 15:42:45,144 - org.eclipse.andmore.ddms - 0.5.1.201701251432
2017-10-24 15:42:45,144 - org.eclipse.andmore.overlay - 0.5.1.201701251432
2017-10-24 15:42:45,145 - org.apache.commons.codec - 1.9.0.v20170208-1614
2017-10-24 15:42:45,145 - org.apache.commons.compress - 1.6.0.v201310281400
2017-10-24 15:42:45,146 - org.apache.httpcomponents.httpclient - 4.5.2.v20170210-0925
2017-10-24 15:42:45,146 - org.apache.httpcomponents.httpcore - 4.4.6.v20170210-0925
2017-10-24 15:42:45,149 - org.eclipse.datatools.modelbase.dbdefinition - 1.1.0.201603142002
2017-10-24 15:42:45,150 - org.eclipse.datatools.modelbase.sql.edit - 1.1.0.201603142002
2017-10-24 15:42:45,152 - org.eclipse.datatools.modelbase.sql.query - 1.2.0.201603142002
2017-10-24 15:42:45,153 - org.eclipse.datatools.modelbase.sql.query.edit - 1.1.0.201603142002
2017-10-24 15:42:45,154 - org.eclipse.datatools.modelbase.sql.xml.query - 1.1.0.201603142002
2017-10-24 15:42:45,154 - org.eclipse.datatools.modelbase.sql - 1.1.0.201603142002
2017-10-24 15:42:45,157 - org.eclipse.oomph.setup.editor - 1.7.0.v20170104-1401
2017-10-24 15:42:45,158 - org.eclipse.oomph.setup.ui - 1.7.0.v20170305-1123
2017-10-24 15:42:45,159 - org.eclipse.oomph.setup.doc - 1.7.0.v20170104-1401
2017-10-24 15:42:45,160 - org.eclipse.oomph.setup.ui.questionnaire - 1.7.0.v20170104-1401
2017-10-24 15:42:45,162 - org.eclipse.oomph.jreinfo.ui - 1.7.0.v20161220-1444
2017-10-24 15:42:45,166 - org.eclipse.wst.xsl.core - 1.1.301.v201405151730
2017-10-24 15:42:45,166 - org.eclipse.wst.xsl.debug.ui - 1.0.302.v201304240928
2017-10-24 15:42:45,167 - org.eclipse.wst.xsl.launching - 1.1.0.v201304240928
2017-10-24 15:42:45,168 - org.eclipse.wst.xsl.xalan - 1.0.100.v201208081544
2017-10-24 15:42:45,168 - org.eclipse.wst.xsl.ui - 1.1.301.v201304222136
2017-10-24 15:42:45,168 - org.eclipse.wst.xml.xpath.ui - 1.1.102.v201509231858
2017-10-24 15:42:45,169 - org.apache.xalan - 2.7.1.v201005080400
2017-10-24 15:42:45,169 - org.apache.commons.logging - 1.1.1.v201101211721
2017-10-24 15:42:45,170 - org.eclipse.wst.xsl.doc - 1.0.100.v201309251559
2017-10-24 15:42:45,171 - org.eclipse.wst.xml.xpath.core - 1.3.1.v201509231858
2017-10-24 15:42:45,172 - org.apache.xml.serializer - 2.7.1.v201005080400
2017-10-24 15:42:45,173 - org.apache.bcel - 5.2.0.v201005080400
2017-10-24 15:42:45,173 - java_cup.runtime - 0.10.0.v201005080400
2017-10-24 15:42:45,174 - org.eclipse.wst.xsl.saxon - 1.0.200.v201103081755
2017-10-24 15:42:45,174 - org.eclipse.wst.xsl - 1.2.0.v201309251559
2017-10-24 15:42:45,175 - org.eclipse.wst.xsl.jaxp.debug - 1.0.300.v201304102131
2017-10-24 15:42:45,175 - org.eclipse.wst.xsl.jaxp.debug.ui - 1.0.200.v201103081755
2017-10-24 15:42:45,176 - org.eclipse.wst.xsl.jaxp.launching - 1.0.300.v201304102131
2017-10-24 15:42:45,176 - org.apache.log4j - 1.2.15.v201012070815
2017-10-24 15:42:45,177 - org.eclipse.wst.xsl.exslt.core - 1.0.0.v201005240422
2017-10-24 15:42:45,177 - org.eclipse.wst.xsl.exslt.ui - 1.0.0.v201006012004
2017-10-24 15:42:45,180 - org.eclipse.rse.services.ssh - 3.2.100.201403281521
2017-10-24 15:42:45,181 - org.eclipse.rse.connectorservice.ssh - 2.1.300.201505220524
2017-10-24 15:42:45,181 - org.eclipse.rse.subsystems.files.ssh - 2.1.300.201403100950
2017-10-24 15:42:45,182 - org.eclipse.rse.subsystems.shells.ssh - 2.1.400.201403100950
2017-10-24 15:42:45,187 - org.eclipse.jst.ws - 1.0.800.v201701262139
2017-10-24 15:42:45,188 - org.eclipse.jst.j2ee.ui - 1.1.900.v201602161345
2017-10-24 15:42:45,189 - org.eclipse.jst.ws.axis.creation.ui - 1.0.900.v201701262139
2017-10-24 15:42:45,190 - org.eclipse.jst.ws.axis.consumption.ui - 1.0.900.v201701262139
2017-10-24 15:42:45,190 - org.eclipse.jst.j2ee.jca.ui - 1.1.500.v201304231803
2017-10-24 15:42:45,191 - org.eclipse.jst.j2ee.navigator.ui - 1.1.600.v201302011850
2017-10-24 15:42:45,192 - org.eclipse.jst.j2ee.webservice.ui - 1.1.500.v201302011850
2017-10-24 15:42:45,193 - org.eclipse.jst.ws.axis.consumption.core - 1.0.550.v201505131719
2017-10-24 15:42:45,194 - org.eclipse.jst.servlet.ui - 1.1.900.v201605251556
2017-10-24 15:42:45,195 - org.eclipse.jst.ws.ui - 1.0.600.v201701262139
2017-10-24 15:42:45,196 - org.eclipse.jst.ws.uddiregistry - 1.0.600.v201505131719
2017-10-24 15:42:45,197 - org.eclipse.jst.ws.creation.ui - 1.0.950.v201701262139
2017-10-24 15:42:45,198 - org.eclipse.jst.ws.consumption.ui - 1.1.850.v201701262139
2017-10-24 15:42:45,199 - org.eclipse.jst.ws.consumption - 1.0.950.v201701262139
2017-10-24 15:42:45,200 - org.eclipse.jst.j2ee.infopop - 1.0.300.v201309091923
2017-10-24 15:42:45,202 - org.eclipse.jst.jsp.ui.infopop - 1.0.200.v201309112106
2017-10-24 15:42:45,202 - org.eclipse.jst.servlet.ui.infopop - 1.0.500.v201105121947
2017-10-24 15:42:45,203 - org.eclipse.jst.ws.axis.infopop - 1.0.400.v201309242123
2017-10-24 15:42:45,253 - org.eclipse.jst.ws.consumption.infopop - 1.0.400.v201309242123
2017-10-24 15:42:45,253 - org.eclipse.jst.ws.infopop - 1.0.400.v201309242123
2017-10-24 15:42:45,255 - org.eclipse.jst.ws.creation.ejb.ui - 1.0.250.v201309242123
2017-10-24 15:42:45,256 - org.eclipse.jst.ejb.ui - 1.1.910.v201701262130
2017-10-24 15:42:45,257 - org.eclipse.jst.j2ee.ejb.annotations.ui - 1.1.300.v201701262105
2017-10-24 15:42:45,266 - org.eclipse.jst.j2ee.ejb.annotation.model - 1.1.400.v201701262105
2017-10-24 15:42:45,267 - org.eclipse.jst.j2ee.ejb.annotations.emitter - 1.1.300.v201701262105
2017-10-24 15:42:45,268 - org.eclipse.jst.j2ee.ejb.annotations.xdoclet - 1.2.300.v201701262105
2017-10-24 15:42:45,269 - org.eclipse.jst.j2ee.xdoclet.runtime - 1.1.300.v201004280609
2017-10-24 15:42:45,269 - org.eclipse.jst.jee.ui - 1.0.701.v201408251535
2017-10-24 15:42:45,270 - org.eclipse.jst.ejb.ui.infopop - 1.0.300.v201002231012
2017-10-24 15:42:45,270 - org.eclipse.jst.ws.jaxrs.core - 1.0.700.v201701262139
2017-10-24 15:42:45,271 - org.eclipse.jst.ws.jaxrs.ui - 1.0.700.v201505131719
2017-10-24 15:42:45,275 - org.apache.xerces - 2.9.0.v201101211617
2017-10-24 15:42:45,276 - org.apache.xml.resolver - 1.2.0.v201005080400
2017-10-24 15:42:45,276 - org.apache.xml.serializer - 2.7.1.v201005080400
2017-10-24 15:42:45,277 - org.eclipse.datatools.enablement.oda.ws - 1.3.0.201603142002
2017-10-24 15:42:45,277 - org.eclipse.datatools.enablement.oda.xml - 1.3.0.201603142002
2017-10-24 15:42:45,277 - javax.xml - 1.3.4.v201005080400
2017-10-24 15:42:45,277 - javax.wsdl - 1.6.2.v201012040545
2017-10-24 15:42:45,278 - org.eclipse.datatools.connectivity.oda.flatfile - 3.2.0.201603142002
2017-10-24 15:42:45,281 - org.springframework.ide.eclipse.beans.core.autowire - 3.8.4.201703310634-RELEASE
2017-10-24 15:42:45,282 - org.springframework.ide.eclipse.beans.ui.autowire - 3.8.4.201703310634-RELEASE
2017-10-24 15:42:45,285 - com.android.ide.eclipse.adt - 23.0.7.2120684
2017-10-24 15:42:45,285 - overlay.com.android.ide.eclipse.adt.overlay - 23.0.7.2120684
2017-10-24 15:42:45,288 - org.eclipse.jst.ws.axis2.core - 1.0.300.v201309242118
2017-10-24 15:42:45,288 - org.eclipse.jst.ws.axis2.ui - 1.0.400.v201309242118
2017-10-24 15:42:45,289 - org.eclipse.jst.ws.axis2.consumption.core - 1.0.200.v201309242118
2017-10-24 15:42:45,290 - org.eclipse.jst.ws.axis2.consumption.ui - 1.0.200.v201309242118
2017-10-24 15:42:45,291 - org.eclipse.jst.ws.axis2.creation.core - 1.0.200.v201309242118
2017-10-24 15:42:45,292 - org.eclipse.jst.ws.axis2.creation.ui - 1.0.200.v201309242118
2017-10-24 15:42:45,293 - org.eclipse.jst.ws.axis2.ui.doc.user - 1.0.200.v201309242118
2017-10-24 15:42:45,297 - org.eclipse.recommenders.mylyn.rcp - 2.4.6.v20170307-1041
2017-10-24 15:42:45,320 - org.apache.ant - 1.9.6.v201510161327
2017-10-24 15:42:45,321 - org.eclipse.ant.core - 3.4.100.v20160505-0642
2017-10-24 15:42:45,321 - com.jcraft.jsch - 0.1.54.v20170116-1932
2017-10-24 15:42:45,322 - org.eclipse.compare.core - 3.6.0.v20160418-1534
2017-10-24 15:42:45,323 - org.eclipse.compare - 3.7.1.v20170103-1805
2017-10-24 15:42:45,332 - org.eclipse.compare.win32 - 1.1.0.v20160418-1534
2017-10-24 15:42:45,333 - org.eclipse.core.filebuffers - 3.6.0.v20160503-1849
2017-10-24 15:42:45,342 - org.eclipse.core.filesystem - 1.6.1.v20161113-2349
2017-10-24 15:42:45,342 - org.eclipse.core.net - 1.3.0.v20160418-1534
2017-10-24 15:42:45,343 - org.eclipse.core.net.win32.x86_64 - 1.1.0.v20160323-1650
2017-10-24 15:42:45,344 - org.eclipse.core.resources - 3.11.1.v20161107-2032
2017-10-24 15:42:45,345 - org.eclipse.osgi.util - 3.3.100.v20150423-1351
2017-10-24 15:42:45,346 - org.eclipse.debug.core - 3.10.100.v20160419-1720
2017-10-24 15:42:45,347 - org.eclipse.debug.ui - 3.11.202.v20161114-0338
2017-10-24 15:42:45,347 - org.eclipse.equinox.event - 1.3.200.v20160324-1850
2017-10-24 15:42:45,348 - org.eclipse.ltk.core.refactoring - 3.7.0.v20160419-0705
2017-10-24 15:42:45,349 - org.eclipse.ltk.ui.refactoring - 3.8.0.v20160518-1817
2017-10-24 15:42:45,349 - org.eclipse.platform - 4.6.3.v20170301-0400
2017-10-24 15:42:45,350 - org.eclipse.platform.doc.user - 4.6.1.v20160727-2009
2017-10-24 15:42:45,350 - org.eclipse.search - 3.11.1.v20161113-1700
2017-10-24 15:42:45,351 - org.eclipse.team.core - 3.8.0.v20160418-1534
2017-10-24 15:42:45,351 - org.eclipse.team.ui - 3.8.0.v20160518-1906
2017-10-24 15:42:45,351 - org.eclipse.text - 3.6.0.v20160503-1849
2017-10-24 15:42:45,352 - org.eclipse.jface.text - 3.11.2.v20170220-1911
2017-10-24 15:42:45,353 - org.eclipse.jsch.core - 1.3.0.v20160422-1917
2017-10-24 15:42:45,355 - org.eclipse.jsch.ui - 1.3.0.v20160323-1650
2017-10-24 15:42:45,355 - org.eclipse.ui.console - 3.6.201.v20161107-0337
2017-10-24 15:42:45,356 - org.eclipse.ui.intro - 3.5.2.v20161116-1147
2017-10-24 15:42:45,357 - org.eclipse.ui.intro.universal - 3.3.1.v20160829-1558
2017-10-24 15:42:45,358 - org.eclipse.ui.cheatsheets - 3.5.0.v20160504-0839
2017-10-24 15:42:45,358 - org.eclipse.ui.browser - 3.5.2.v20161114-0210
2017-10-24 15:42:45,358 - org.eclipse.ui.monitoring - 1.1.2.v20170203-1115
2017-10-24 15:42:45,359 - org.eclipse.ui.navigator - 3.6.101.v20161006-1120
2017-10-24 15:42:45,360 - org.eclipse.ui.navigator.resources - 3.5.101.v20161006-0640
2017-10-24 15:42:45,360 - org.eclipse.ui.net - 1.3.0.v20160426-1633
2017-10-24 15:42:45,361 - org.eclipse.ui.workbench.texteditor - 3.10.1.v20160818-1626
2017-10-24 15:42:45,361 - org.eclipse.ui.views - 3.8.102.v20170111-0801
2017-10-24 15:42:45,361 - org.eclipse.ui.editors - 3.10.1.v20161106-1856
2017-10-24 15:42:45,362 - org.eclipse.ui.externaltools - 3.3.100.v20160518-1858
2017-10-24 15:42:45,363 - org.eclipse.ui.ide - 3.12.3.v20170119-0935
2017-10-24 15:42:45,363 - org.eclipse.ui.ide.application - 1.1.101.v20160829-0827
2017-10-24 15:42:45,363 - org.eclipse.ui.win32 - 3.3.0.v20160505-1310
2017-10-24 15:42:45,364 - org.eclipse.core.resources.win32.x86_64 - 3.5.0.v20140124-1940
2017-10-24 15:42:45,364 - org.eclipse.core.filesystem.win32.x86_64 - 1.4.0.v20140124-1940
2017-10-24 15:42:45,364 - org.eclipse.core.variables - 3.3.0.v20160419-1720
2017-10-24 15:42:45,364 - org.eclipse.ui.forms - 3.7.1.v20161220-1635
2017-10-24 15:42:45,365 - org.eclipse.ui.views.properties.tabbed - 3.7.0.v20160310-0903
2017-10-24 15:42:45,365 - org.eclipse.equinox.security - 1.2.200.v20150715-1528
2017-10-24 15:42:45,366 - org.eclipse.equinox.security.ui - 1.1.300.v20150803-1225
2017-10-24 15:42:45,367 - org.eclipse.equinox.security.win32.x86_64 - 1.0.100.v20130327-1442
2017-10-24 15:42:45,368 - org.eclipse.core.externaltools - 1.0.400.v20160509-1057
2017-10-24 15:42:45,368 - org.eclipse.ui.themes - 1.1.300.v20161107-1827
2017-10-24 15:42:45,369 - org.eclipse.core.runtime - 3.12.0.v20160606-1342
2017-10-24 15:42:45,370 - org.eclipse.ui.intro.quicklinks - 1.0.0.v20160515-0255
2017-10-24 15:42:45,372 - org.eclipse.emf.ecore.edit - 2.9.0.v20160526-0356
2017-10-24 15:42:45,373 - org.eclipse.emf.ecore.change.edit - 2.6.0.v20160526-0356
2017-10-24 15:42:45,376 - org.eclipse.sequoyah.vnc.protocol - 2.1.0.N20120718-0509
2017-10-24 15:42:45,394 - org.eclipse.persistence.antlr - 3.2.0.v201302191141
2017-10-24 15:42:45,396 - org.eclipse.persistence.asm - 5.0.1.v201405080102
2017-10-24 15:42:45,398 - org.eclipse.persistence.core - 2.6.0.v20140809-296a69f
2017-10-24 15:42:45,400 - org.eclipse.persistence.jpa - 2.6.0.v20140809-296a69f
2017-10-24 15:42:45,401 - org.eclipse.jpt.jpa.eclipselink.core - 2.4.100.v201603180253
2017-10-24 15:42:45,403 - org.eclipse.jpt.jpa.eclipselink.ui - 2.4.100.v201603180253
2017-10-24 15:42:45,403 - org.eclipse.jpt.jpa.eclipselink.core.ddlgen - 2.2.200.v201603180253
2017-10-24 15:42:45,403 - org.eclipse.jpt.jpa.eclipselink.branding - 3.4.0.v201309202144
2017-10-24 15:42:45,407 - org.eclipse.emf.mapping.ecore - 2.6.0.v20160526-0356
2017-10-24 15:42:45,408 - org.eclipse.emf.mapping.ecore2ecore - 2.9.0.v20160526-0356
2017-10-24 15:42:45,409 - org.eclipse.emf.mapping.ecore2xml - 2.9.0.v20160526-0356
2017-10-24 15:42:45,412 - org.eclipse.datatools.enablement.ingres - 1.1.0.201603142002
2017-10-24 15:42:45,413 - org.eclipse.datatools.enablement.ingres.dbdefinition - 1.1.0.201603142002
2017-10-24 15:42:45,432 - org.eclipse.datatools.enablement.ingres.ui - 1.1.0.201603142002
2017-10-24 15:42:45,432 - org.eclipse.datatools.enablement.finfo - 1.6.0.201603142002
2017-10-24 15:42:45,434 - org.eclipse.andmore.traceview - 0.5.1.201701251432
2017-10-24 15:42:45,438 - org.eclipse.m2e.logback.configuration - 1.7.0.20160603-1933
2017-10-24 15:42:45,438 - org.eclipse.m2e.logback.appender - 1.7.0.20160603-1933
2017-10-24 15:42:45,441 - org.eclipse.emf.codegen - 2.11.0.v20160526-0356
2017-10-24 15:42:45,455 - org.eclipse.wst.dtd.ui - 1.0.801.v201308100602
2017-10-24 15:42:45,456 - org.eclipse.wst.dtd.ui.infopop - 1.0.400.v201309112106
2017-10-24 15:42:45,457 - org.eclipse.wst.sse.ui.infopop - 1.0.300.v201309112106
2017-10-24 15:42:45,458 - org.eclipse.wst.xml.ui.infopop - 1.0.400.v201309112106
2017-10-24 15:42:45,458 - org.eclipse.wst.sse.ui - 1.3.500.v201605120129
2017-10-24 15:42:45,458 - org.eclipse.wst.xml.ui - 1.1.700.v201604272318
2017-10-24 15:42:45,461 - org.eclipse.wst.xsd.ui - 1.2.600.v201511240159
2017-10-24 15:42:45,463 - org.eclipse.datatools.doc.user - 1.7.0.20090521092446
2017-10-24 15:42:45,464 - org.eclipse.datatools.oda.cshelp - 1.2.0.201603142002
2017-10-24 15:42:45,464 - org.eclipse.datatools.help - 1.6.0.201603142002
2017-10-24 15:42:45,474 - org.eclipse.emf - 2.6.0.v20160526-0356
2017-10-24 15:42:45,479 - org.springframework.ide.eclipse.boot.dash - 3.8.4.201703310634-RELEASE
2017-10-24 15:42:45,480 - org.springframework.ide.eclipse.cloudfoundry.manifest.editor - 3.8.4.201703310634-RELEASE
2017-10-24 15:42:45,480 - org.springframework.ide.eclipse.editor.support - 3.8.4.201703310634-RELEASE
2017-10-24 15:42:45,500 - org.springsource.ide.eclipse.commons.cloudfoundry.client.v2 - 3.8.4.201703310634-RELEASE
2017-10-24 15:42:45,500 - io.projectreactor.reactor-core - 3.0.5.201703211214-RELEASE
2017-10-24 15:42:45,501 - org.reactivestreams.reactive-streams - 1.0.0.release
2017-10-24 15:42:45,503 - org.eclipse.epp.package.jee - 4.6.3.20170314-1500
2017-10-24 15:42:45,504 - org.eclipse.wtp.epp.package.jee.intro - 1.3.0.v201006142040
2017-10-24 15:42:45,505 - org.eclipse.wtp.javascript.capabilities - 1.0.100.v201005102000
2017-10-24 15:42:45,506 - org.eclipse.wtp.jee.capabilities - 1.0.100.v201005102000
2017-10-24 15:42:45,508 - org.eclipse.wtp.web.capabilities - 1.0.100.v201005102000
2017-10-24 15:42:45,509 - org.eclipse.wtp.xml.capabilities - 1.0.100.v201005102000
2017-10-24 15:42:45,510 - org.eclipse.wtp.epp.package.capabilities - 1.3.0.v201005102000
2017-10-24 15:42:45,512 - com.prosyst.mbs.mbprofiler - 6.4.1001
2017-10-24 15:42:45,513 - com.prosyst.mbs.mbprofiler.userdoc - 6.4.1001
2017-10-24 15:42:45,515 - org.eclipse.draw2d - 3.10.100.201606061308
2017-10-24 15:42:45,517 - org.eclipse.andmore.gldebugger - 0.5.1.201701251432
2017-10-24 15:42:45,521 - org.python.pydev.core - 5.7.0.201704111357
2017-10-24 15:42:45,522 - org.python.pydev.parser - 5.7.0.201704111357
2017-10-24 15:42:45,523 - org.python.pydev.ast - 5.7.0.201704111357
2017-10-24 15:42:45,526 - org.python.pydev.jython - 5.7.0.201704111357
2017-10-24 15:42:45,527 - org.python.pydev.help - 5.7.0.201704111357
2017-10-24 15:42:45,527 - org.python.pydev - 5.7.0.201704111357
2017-10-24 15:42:45,527 - org.python.pydev.debug - 5.7.0.201704111357
2017-10-24 15:42:45,529 - org.python.pydev.refactoring - 5.7.0.201704111357
2017-10-24 15:42:45,530 - org.python.pydev.customizations - 5.7.0.201704111357
2017-10-24 15:42:45,560 - org.python.pydev.django - 5.7.0.201704111357
2017-10-24 15:42:45,560 - com.python.pydev - 5.7.0.201704111357
2017-10-24 15:42:45,561 - com.python.pydev.analysis - 5.7.0.201704111357
2017-10-24 15:42:45,562 - com.python.pydev.fastparser - 5.7.0.201704111357
2017-10-24 15:42:45,563 - com.python.pydev.codecompletion - 5.7.0.201704111357
2017-10-24 15:42:45,564 - com.python.pydev.debug - 5.7.0.201704111357
2017-10-24 15:42:45,574 - com.python.pydev.refactoring - 5.7.0.201704111357
2017-10-24 15:42:45,589 - org.python.pydev.shared_interactive_console - 5.7.0.201704111357
2017-10-24 15:42:45,590 - org.python.pydev.shared_ui - 5.7.0.201704111357
2017-10-24 15:42:45,590 - org.python.pydev.shared_core - 5.7.0.201704111357
2017-10-24 15:42:45,675 - org.eclipse.epp.mpc.core - 1.5.4.v20170222-1921
2017-10-24 15:42:45,675 - org.eclipse.epp.mpc.ui - 1.5.4.v20170222-1941
2017-10-24 15:42:45,675 - org.eclipse.epp.mpc.help.ui - 1.5.4.v20170201-1845
2017-10-24 15:42:45,675 - org.apache.httpcomponents.httpclient - 4.5.2.v20170210-0925
2017-10-24 15:42:45,676 - org.apache.httpcomponents.httpcore - 4.4.6.v20170210-0925
2017-10-24 15:42:45,678 - com.basistech.m2e.code.quality.shared - 1.0.0.201608091842
2017-10-24 15:42:45,679 - com.basistech.m2e.code.quality.checkstyle - 1.0.0.201608091842
2017-10-24 15:42:45,682 - org.eclipse.cft.server.rse - 1.0.1.v201703012110
2017-10-24 15:42:45,683 - org.eclipse.cft.server.ui - 1.0.108.v201703012110
2017-10-24 15:42:45,683 - org.eclipse.cft.server.verify.ui - 1.0.1.v201703012110
2017-10-24 15:42:45,683 - org.eclipse.cft.server.branding.ui - 1.0.2.v201703012110
2017-10-24 15:42:45,686 - org.eclipse.cft.server.standalone.ui - 1.0.4.v201703012110
2017-10-24 15:42:45,689 - org.springframework.ide.eclipse.batch - 3.8.4.201703310634-RELEASE
2017-10-24 15:42:45,693 - org.eclipse.dstore.core - 3.4.0.201501311530
2017-10-24 15:42:45,694 - org.eclipse.dstore.extra - 2.1.400.201403100950
2017-10-24 15:42:45,695 - org.eclipse.rse.connectorservice.dstore - 3.1.301.201403100950
2017-10-24 15:42:45,695 - org.eclipse.rse.services.dstore - 3.3.0.201406041609
2017-10-24 15:42:45,696 - org.eclipse.rse.subsystems.files.dstore - 2.1.300.201403100950
2017-10-24 15:42:45,697 - org.eclipse.rse.subsystems.processes.dstore - 2.1.400.201403100950
2017-10-24 15:42:45,698 - org.eclipse.rse.subsystems.shells.dstore - 2.1.400.201403100950
2017-10-24 15:42:45,699 - org.eclipse.rse.dstore.security - 3.0.400.201403100950
2017-10-24 15:42:45,702 - org.eclipse.cdt.gdb - 7.0.0.201703062208
2017-10-24 15:42:45,703 - org.eclipse.cdt.gdb.ui - 7.0.0.201703062208
2017-10-24 15:42:45,705 - org.eclipse.pde - 3.12.3.v20170301-0400
2017-10-24 15:42:45,707 - org.eclipse.pde.build - 3.9.200.v20160204-0642
2017-10-24 15:42:45,708 - org.eclipse.pde.core - 3.11.1.v20161115-1951
2017-10-24 15:42:45,709 - org.eclipse.pde.junit.runtime - 3.5.0.v20151013-0625
2017-10-24 15:42:45,709 - org.eclipse.pde.runtime - 3.5.0.v20160418-1724
2017-10-24 15:42:45,710 - org.eclipse.pde.ui - 3.9.100.v20161102-0517
2017-10-24 15:42:45,711 - org.eclipse.pde.doc.user - 3.12.2.v20170221-1001
2017-10-24 15:42:45,712 - org.eclipse.pde.ui.templates - 3.6.0.v20160424-1948
2017-10-24 15:42:45,713 - org.eclipse.ui.views.log - 1.2.1.v20160829-0826
2017-10-24 15:42:45,713 - org.objectweb.asm - 5.0.1.v201404251740
2017-10-24 15:42:45,714 - org.objectweb.asm.tree - 5.0.1.v201404251740
2017-10-24 15:42:45,715 - org.eclipse.pde.api.tools - 1.1.2.v20161115-0549
2017-10-24 15:42:45,716 - org.eclipse.pde.api.tools.annotations - 1.0.100.v20160418-1724
2017-10-24 15:42:45,716 - org.eclipse.pde.api.tools.ui - 1.1.0.v20160519-0701
2017-10-24 15:42:45,717 - org.eclipse.pde.ds.core - 1.1.0.v20151201-1325
2017-10-24 15:42:45,718 - org.eclipse.pde.ds.ui - 1.1.0.v20160518-1843
2017-10-24 15:42:45,719 - org.eclipse.pde.launching - 3.6.401.v20161115-0549
2017-10-24 15:42:45,720 - org.eclipse.pde.ua.core - 1.0.500.v20160204-0642
2017-10-24 15:42:45,721 - org.eclipse.pde.ua.ui - 1.1.0.v20160518-1843
2017-10-24 15:42:45,722 - org.eclipse.ui.trace - 1.0.400.v20160509-1055
2017-10-24 15:42:45,722 - org.eclipse.pde.ds.annotations - 1.0.0.v20160525-1437
2017-10-24 15:42:45,725 - com.android.ide.eclipse.hierarchyviewer - 23.0.7.2120684
2017-10-24 15:42:45,728 - net.sourceforge.lpg.lpgjavaruntime - 1.1.0.v201004271650
2017-10-24 15:42:45,729 - org.eclipse.datatools.sqltools.parsers.sql.lexer - 1.1.0.201603142002
2017-10-24 15:42:45,730 - org.eclipse.datatools.sqltools.parsers.sql.query - 1.3.0.201603142002
2017-10-24 15:42:45,731 - org.eclipse.datatools.sqltools.parsers.sql.xml.query - 1.1.0.201603142002
2017-10-24 15:42:45,731 - org.eclipse.datatools.sqltools.parsers.sql - 1.1.0.201603142002
2017-10-24 15:42:45,734 - org.eclipse.mylyn.java.ui - 3.21.0.v20160701-1337
2017-10-24 15:42:45,735 - org.eclipse.mylyn.java.tasks - 3.21.0.v20160701-1337
2017-10-24 15:42:45,735 - org.eclipse.mylyn.ide.ui - 3.21.0.v20160701-1337
2017-10-24 15:42:45,735 - org.eclipse.mylyn.ide.ant - 3.21.0.v20160701-1337
2017-10-24 15:42:45,736 - org.eclipse.mylyn.debug.ui - 3.21.0.v20160701-1337
2017-10-24 15:42:45,738 - org.eclipse.m2e.wtp.jaxrs - 1.3.1.20160831-1005
2017-10-24 15:42:45,789 - org.eclipse.datatools.sqltools.sql - 1.1.0.201603142002
2017-10-24 15:42:45,789 - org.eclipse.datatools.sqltools.common.ui - 1.1.0.201603142002
2017-10-24 15:42:45,789 - org.eclipse.datatools.sqltools.plan - 1.1.0.201603142002
2017-10-24 15:42:45,789 - org.eclipse.datatools.sqltools.editor.core - 1.1.0.201603142002
2017-10-24 15:42:45,789 - org.eclipse.datatools.sqltools.sqleditor - 1.1.0.201603142002
2017-10-24 15:42:45,789 - org.eclipse.datatools.sqltools.ddlgen.ui - 1.1.0.201603142002
2017-10-24 15:42:45,789 - org.eclipse.datatools.connectivity.db.generic - 1.1.0.201603142002
2017-10-24 15:42:45,789 - org.eclipse.datatools.sqltools.editor.core.ui - 1.1.0.201603142002
2017-10-24 15:42:45,789 - org.eclipse.datatools.sqltools.sql.ui - 1.1.0.201603142002
2017-10-24 15:42:45,792 - org.eclipse.mylyn.commons.repositories.core - 1.13.0.v20160630-1702
2017-10-24 15:42:45,792 - org.eclipse.mylyn.commons.repositories.ui - 1.13.0.v20160630-1702
2017-10-24 15:42:45,950 - org.apache.commons.net - 3.2.0.v201305141515
2017-10-24 15:42:45,950 - org.eclipse.rse.services.files.ftp - 3.0.500.201403100950
2017-10-24 15:42:45,951 - org.eclipse.rse.subsystems.files.ftp - 2.2.100.201601281414
2017-10-24 15:42:45,954 - org.eclipse.andmore.android.common - 0.5.1.201701251432
2017-10-24 15:42:45,956 - org.eclipse.andmore.android.codeutils - 0.5.1.201701251432
2017-10-24 15:42:45,957 - org.eclipse.andmore.android.translation - 0.5.1.201701251432
2017-10-24 15:42:45,957 - org.eclipse.andmore.android.codesnippets - 0.5.1.201701251432
2017-10-24 15:42:45,958 - org.eclipse.andmore.android.db.core - 0.5.1.201701251432
2017-10-24 15:42:45,958 - org.eclipse.andmore.android.logger - 0.5.1.201701251432
2017-10-24 15:42:45,959 - org.eclipse.andmore.android - 0.5.1.201701251432
2017-10-24 15:42:45,960 - org.eclipse.andmore.android.emulator - 0.5.1.201701251432
2017-10-24 15:42:45,960 - org.eclipse.andmore.android.launch - 0.5.1.201701251432
2017-10-24 15:42:45,961 - org.eclipse.andmore.android.packaging.ui - 0.5.1.201701251432
2017-10-24 15:42:45,991 - org.eclipse.andmore.android.handset - 0.5.1.201701251432
2017-10-24 15:42:45,992 - org.eclipse.andmore.android.remote - 0.5.1.201701251432
2017-10-24 15:42:45,992 - org.eclipse.andmore.android.win32.x86_64 - 0.5.1.201701251432
2017-10-24 15:42:45,993 - org.eclipse.andmore.android.mat - 0.5.1.201701251432
2017-10-24 15:42:45,993 - org.eclipse.andmore.android.devices.services - 0.5.1.201701251432
2017-10-24 15:42:45,993 - org.eclipse.andmore.android.db.devices - 0.5.1.201701251432
2017-10-24 15:42:45,994 - org.eclipse.andmore.android.installer - 0.5.1.201701251432
2017-10-24 15:42:45,994 - org.eclipse.andmore.android.logger.collector - 0.5.1.201701251432
2017-10-24 15:42:45,997 - org.eclipse.rse.useractions - 1.1.500.201403100950
2017-10-24 15:42:46,000 - org.eclipse.mylyn.monitor.core - 3.21.0.v20160630-1702
2017-10-24 15:42:46,000 - org.eclipse.mylyn.monitor.ui - 3.21.0.v20160630-1702
2017-10-24 15:42:46,002 - org.eclipse.tm.terminal.control - 4.2.0.201609191434
2017-10-24 15:42:46,005 - org.eclipse.sequoyah.vnc.vncviewer - 2.1.0.N20120718-0509
2017-10-24 15:42:46,009 - org.springframework.ide.eclipse.data.core - 3.8.4.201703310634-RELEASE
2017-10-24 15:42:46,010 - org.springframework.data.core - 1.11.4.20160223-RELEASE
2017-10-24 15:42:46,014 - org.eclipse.emf.codegen.ecore.ui - 2.12.0.v20160526-0356
2017-10-24 15:42:46,016 - org.eclipse.emf.ecore.editor - 2.12.0.v20160526-0356
2017-10-24 15:42:46,018 - org.sonatype.m2e.mavenarchiver - 0.17.2.201606141937-signed-20160830073346
2017-10-24 15:42:46,020 - org.eclipse.mylyn.context.core - 3.21.0.v20160701-1337
2017-10-24 15:42:46,022 - org.eclipse.mylyn.context.ui - 3.21.0.v20160701-1337
2017-10-24 15:42:46,023 - org.eclipse.mylyn.resources.ui - 3.21.0.v20160701-1337
2017-10-24 15:42:46,024 - org.eclipse.mylyn.context.tasks.ui - 3.21.0.v20160815-2336
2017-10-24 15:42:46,027 - org.eclipse.datatools.enablement.oracle.dbdefinition - 1.1.0.201603142002
2017-10-24 15:42:46,028 - org.eclipse.datatools.enablement.oracle - 1.1.0.201603142002
2017-10-24 15:42:46,029 - org.eclipse.datatools.enablement.oracle.ui - 1.1.0.201603142002
2017-10-24 15:42:46,029 - org.eclipse.datatools.enablement.finfo - 1.6.0.201603142002
2017-10-24 15:42:46,031 - org.eclipse.emf.databinding - 1.3.0.v20160526-0356
2017-10-24 15:42:46,034 - org.eclipse.datatools.enablement.sap.maxdb.dbdefinition - 1.1.0.201603142002
2017-10-24 15:42:46,035 - org.eclipse.datatools.enablement.sap.maxdb - 1.1.0.201603142002
2017-10-24 15:42:46,036 - org.eclipse.datatools.enablement.sap.maxdb.ui - 1.1.0.201603142002
2017-10-24 15:42:46,037 - org.eclipse.datatools.enablement.finfo - 1.6.0.201603142002
2017-10-24 15:42:46,039 - java_cup.runtime - 0.10.0.v201005080400
2017-10-24 15:42:46,039 - org.apache.xerces - 2.9.0.v201101211617
2017-10-24 15:42:46,040 - org.eclipse.wst.xml.xpath2.processor - 2.1.101.v201409111854
2017-10-24 15:42:46,042 - org.eclipse.wst.xml.xpath2.wtptypes - 2.0.0.v201208081543
2017-10-24 15:42:46,042 - org.eclipse.wst.xml.xpath2 - 1.1.0.v201309251557
2017-10-24 15:42:46,043 - org.eclipse.wst.xml.xpath2.processor.doc.user - 2.0.0.v201209212251
2017-10-24 15:42:46,045 - org.eclipse.oomph.setup - 1.7.0.v20170224-1311
2017-10-24 15:42:46,047 - org.eclipse.oomph.setup.edit - 1.7.0.v20170104-1401
2017-10-24 15:42:46,047 - org.eclipse.oomph.setup.core - 1.7.0.v20170301-0747
2017-10-24 15:42:46,047 - org.eclipse.oomph.setup.sync - 1.7.0.v20170201-1631
2017-10-24 15:42:46,047 - org.eclipse.oomph.setup.p2 - 1.7.0.v20170217-1051
2017-10-24 15:42:46,048 - org.eclipse.oomph.setup.p2.edit - 1.7.0.v20161230-1057
2017-10-24 15:42:46,048 - org.eclipse.oomph.preferences - 1.7.0.v20170104-1401
2017-10-24 15:42:46,050 - org.eclipse.oomph.jreinfo - 1.7.0.v20170201-1645
2017-10-24 15:42:46,050 - org.eclipse.oomph.jreinfo.win32.x86_64 - 1.2.0.v20160426-0508
2017-10-24 15:42:46,051 - org.eclipse.oomph.extractor.lib - 1.3.0.v20161116-0647
2017-10-24 15:42:46,051 - org.apache.commons.logging - 1.1.1.v201101211721
2017-10-24 15:42:46,051 - org.apache.commons.codec - 1.9.0.v20170208-1614
2017-10-24 15:42:46,051 - org.apache.httpcomponents.httpclient - 4.5.2.v20170210-0925
2017-10-24 15:42:46,052 - org.apache.httpcomponents.httpcore - 4.4.6.v20170210-0925
2017-10-24 15:42:46,052 - org.eclipse.userstorage - 1.0.1.v20170201-1648
2017-10-24 15:42:46,052 - org.eclipse.userstorage.ui - 1.0.1.v20170201-1648
