2017-10-24 15:42:46,052 [Worker-2] DEBUG class java.lang.Class - Starting Andmore Common Plugin...
2017-10-24 15:42:46,052 [Worker-2] DEBUG class java.lang.Class - Andmore Common Plugin started.
2017-10-24 15:42:46,054 [Worker-2] DEBUG class java.lang.Class - Starting Andmore Plugin...
2017-10-24 15:42:46,117 [Worker-2] DEBUG class java.lang.Class - Andmore Plugin started.
2017-10-24 15:42:46,140 [Worker-2] DEBUG class java.lang.Class - Starting Andmore Emulator Plugin...
2017-10-24 15:42:46,229 [Worker-2] DEBUG class java.lang.Class - Andmore Emulator Plugin started.
2017-10-24 15:42:46,347 [Worker-2] DEBUG class java.lang.Class - Starting Andmore Device Services Plugin...
2017-10-24 15:42:46,347 [Worker-2] DEBUG class java.lang.Class - Andmore Device Services Plugin started.
2017-10-24 15:42:46,468 [Worker-2] DEBUG class java.lang.Class - Starting Andmore Handset Plugin...
2017-10-24 15:42:46,472 [Worker-2] DEBUG class java.lang.Class - Andmore Handset Plugin started.
2017-10-24 15:42:46,478 [Worker-2] DEBUG class java.lang.Class - Starting Andmore Remote Device Plugin...
2017-10-24 15:42:46,479 [Worker-2] DEBUG class java.lang.Class - Starting Andmore Remote Device Plugin started.
2017-10-24 15:42:46,491 [Worker-2] ERROR Studio for Android - Handler could not be instanced(PLUGIN=org.eclipse.sequoyah.device.framework;ERROR=202)
2017-10-24 15:42:46,491 [Worker-2] ERROR Studio for Android - Handler could not be instanced(PLUGIN=org.eclipse.sequoyah.device.framework;ERROR=202)
2017-10-24 15:42:46,491 [Worker-2] ERROR Studio for Android - Handler could not be instanced(PLUGIN=org.eclipse.sequoyah.device.framework;ERROR=202)
2017-10-24 15:42:46,491 [Worker-2] ERROR Studio for Android - Handler could not be instanced(PLUGIN=org.eclipse.sequoyah.device.framework;ERROR=202)
2017-10-24 15:42:46,491 [Worker-2] ERROR Studio for Android - Handler could not be instanced(PLUGIN=org.eclipse.sequoyah.device.framework;ERROR=202)
2017-10-24 15:42:46,491 [Worker-2] ERROR Studio for Android - Handler could not be instanced(PLUGIN=org.eclipse.sequoyah.device.framework;ERROR=202)
2017-10-24 15:42:46,491 [Worker-2] ERROR Studio for Android - Handler could not be instanced(PLUGIN=org.eclipse.sequoyah.device.framework;ERROR=202)
2017-10-24 15:42:46,491 [Worker-2] ERROR Studio for Android - Handler could not be instanced(PLUGIN=org.eclipse.sequoyah.device.framework;ERROR=202)
2017-10-24 15:42:46,491 [Worker-2] ERROR Studio for Android - Handler could not be instanced(PLUGIN=org.eclipse.sequoyah.device.framework;ERROR=202)
2017-10-24 15:42:46,491 [Worker-2] ERROR Studio for Android - Handler could not be instanced(PLUGIN=org.eclipse.sequoyah.device.framework;ERROR=202)
2017-10-24 15:42:46,492 [Worker-2] ERROR Studio for Android - Handler could not be instanced(PLUGIN=org.eclipse.sequoyah.device.framework;ERROR=202)
2017-10-24 15:42:46,492 [Worker-2] ERROR Studio for Android - Handler could not be instanced(PLUGIN=org.eclipse.sequoyah.device.framework;ERROR=202)
2017-10-24 15:42:46,492 [Worker-2] ERROR Studio for Android - Handler could not be instanced(PLUGIN=org.eclipse.sequoyah.device.framework;ERROR=202)
2017-10-24 15:42:46,492 [Worker-2] ERROR Studio for Android - Handler could not be instanced(PLUGIN=org.eclipse.sequoyah.device.framework;ERROR=202)
2017-10-24 15:42:46,492 [Worker-2] ERROR Studio for Android - Handler could not be instanced(PLUGIN=org.eclipse.sequoyah.device.framework;ERROR=202)
2017-10-24 15:42:46,492 [Worker-2] ERROR Studio for Android - Handler could not be instanced(PLUGIN=org.eclipse.sequoyah.device.framework;ERROR=202)
2017-10-24 15:42:46,492 [Worker-2] ERROR Studio for Android - Handler could not be instanced(PLUGIN=org.eclipse.sequoyah.device.framework;ERROR=202)
2017-10-24 15:42:46,492 [Worker-2] ERROR Studio for Android - Handler could not be instanced(PLUGIN=org.eclipse.sequoyah.device.framework;ERROR=202)
2017-10-24 15:42:46,492 [Worker-2] ERROR Studio for Android - Handler could not be instanced(PLUGIN=org.eclipse.sequoyah.device.framework;ERROR=202)
2017-10-24 15:42:46,492 [Worker-2] ERROR Studio for Android - Handler could not be instanced(PLUGIN=org.eclipse.sequoyah.device.framework;ERROR=202)
2017-10-24 15:42:46,492 [Worker-2] ERROR Studio for Android - Handler could not be instanced(PLUGIN=org.eclipse.sequoyah.device.framework;ERROR=202)
2017-10-24 15:42:46,492 [Worker-2] ERROR Studio for Android - Handler could not be instanced(PLUGIN=org.eclipse.sequoyah.device.framework;ERROR=202)
2017-10-24 15:42:46,492 [Worker-2] ERROR Studio for Android - Handler could not be instanced(PLUGIN=org.eclipse.sequoyah.device.framework;ERROR=202)
2017-10-24 15:42:46,492 [Worker-2] ERROR Studio for Android - Handler could not be instanced(PLUGIN=org.eclipse.sequoyah.device.framework;ERROR=202)
2017-10-24 15:42:46,493 [Worker-2] ERROR Studio for Android - Handler could not be instanced(PLUGIN=org.eclipse.sequoyah.device.framework;ERROR=202)
2017-10-24 15:42:46,493 [Worker-2] ERROR Studio for Android - Handler could not be instanced(PLUGIN=org.eclipse.sequoyah.device.framework;ERROR=202)
2017-10-24 15:42:46,493 [Worker-2] ERROR Studio for Android - Handler could not be instanced(PLUGIN=org.eclipse.sequoyah.device.framework;ERROR=202)
2017-10-24 15:42:46,493 [Worker-2] ERROR Studio for Android - Handler could not be instanced(PLUGIN=org.eclipse.sequoyah.device.framework;ERROR=202)
2017-10-24 15:42:46,493 [Worker-2] ERROR Studio for Android - Handler could not be instanced(PLUGIN=org.eclipse.sequoyah.device.framework;ERROR=202)
2017-10-24 15:42:46,493 [Worker-2] ERROR Studio for Android - Handler could not be instanced(PLUGIN=org.eclipse.sequoyah.device.framework;ERROR=202)
2017-10-24 15:42:46,493 [Worker-2] INFO  Studio for Android - [Status: id=org.eclipse.andmore.android.emulator.status.offline;name=Offline]
2017-10-24 15:42:46,493 [Worker-2] INFO  Studio for Android - [Status: id=org.eclipse.andmore.android.handset.status.handsetonline;name=Online]
2017-10-24 15:42:46,493 [Worker-2] INFO  Studio for Android - [Status: id=INACTIVE;name=INACTIVE]
2017-10-24 15:42:46,493 [Worker-2] INFO  Studio for Android - [Status: id=org.eclipse.andmore.android.emulator.status.notavailable;name=Not available]
2017-10-24 15:42:46,493 [Worker-2] INFO  Studio for Android - [Status: id=IDLE;name=IDLE]
2017-10-24 15:42:46,493 [Worker-2] INFO  Studio for Android - [Status: id=org.eclipse.andmore.android.remote.status.connected;name=Connected]
2017-10-24 15:42:46,493 [Worker-2] INFO  Studio for Android - [Status: id=org.eclipse.andmore.android.remote.status.disconnected;name=Disconnected]
2017-10-24 15:42:46,493 [Worker-2] INFO  Studio for Android - [Status: id=org.eclipse.andmore.android.emulator.status.online;name=Online]
2017-10-24 15:42:46,493 [Worker-2] INFO  Studio for Android - [Status: id=OFF;name=OFF]
2017-10-24 15:42:46,493 [Worker-2] INFO  Studio for Android - [Status: id=org.eclipse.andmore.android.emulator.status.offlineNoData;name=Offline (no user data)]
2017-10-25 12:04:35,613 [main] DEBUG class java.lang.Class - Starting Eclipse Andmore Database Core Plugin...
2017-10-25 12:04:35,702 [main] DEBUG Studio for Android - JDBC Driver Location:bundleentry://1451.fwk261849385/res/androidjdbc.jar JDBC Driver getBundle().getLocation():reference:file:plugins/org.eclipse.andmore.android.common_0.5.1.201701251432.jar
2017-10-25 12:04:35,703 [main] DEBUG Studio for Android - JDBC Driver Path:D:\eclipse-ides\eclipse-jee-neon-2-win32-x86_64\configuration\org.eclipse.osgi\1451\0\.cp\res\androidjdbc.jar
2017-10-25 12:04:35,703 [main] DEBUG Studio for Android - JDBC Driver Location:bundleentry://1451.fwk261849385/res/androidjdbc.jar JDBC Driver getBundle().getLocation():reference:file:plugins/org.eclipse.andmore.android.common_0.5.1.201701251432.jar
2017-10-25 12:04:35,703 [main] DEBUG Studio for Android - JDBC Driver Path:D:\eclipse-ides\eclipse-jee-neon-2-win32-x86_64\configuration\org.eclipse.osgi\1451\0\.cp\res\androidjdbc.jar
2017-10-25 12:04:35,731 [main] INFO  Studio for Android - Created a JDBC driver instance at Data Tools.
2017-10-25 12:04:35,735 [main] DEBUG class java.lang.Class - Eclipse Andmore Database Core Plugin started.
2017-10-25 12:04:35,735 [main] DEBUG class java.lang.Class - Starting Eclipse Andmore Database Devices Support Plugin...
2017-10-25 12:04:35,741 [main] DEBUG class java.lang.Class - Eclipse Andmore Database Devices Support Plugin started...
2017-10-25 12:04:38,069 [Framework stop] DEBUG Studio for Android - org.eclipse.sequoyah.device.service.start.StartServicePlugin-SHUTDOWN
2017-10-25 12:04:38,110 [Framework stop] DEBUG Studio for Android - org.eclipse.sequoyah.device.framework.ui.DeviceUIPlugin-SHUTDOWN
2017-10-25 12:04:38,110 [Framework stop] DEBUG Studio for Android - org.eclipse.sequoyah.device.service.stop.StopServicePlugin-SHUTDOWN
2017-10-25 12:04:38,110 [Framework stop] DEBUG Studio for Android - org.eclipse.sequoyah.device.framework.DevicePlugin-SHUTDOWN
