2017-12-14 14:57:02,512 [Worker-3] INFO  o.e.m.c.i.l.LifecycleMappingFactory - Using DEFAULT lifecycle mapping for MavenProject: com.ge.dspmicro:energy-subscriptionmachineadapter:17.1.0 @ D:\workspaces\workspace-epql\epql-subscriptionmachineadapter\pom.xml.
2017-12-14 14:57:03,773 [Worker-18] INFO  o.e.m.c.i.l.LifecycleMappingFactory - Using DEFAULT lifecycle mapping for MavenProject: com.ge.dspmicro:energy-subscriptionmachineadapter:17.1.0 @ D:\workspaces\workspace-epql\epql-subscriptionmachineadapter\pom.xml.
2017-12-14 14:57:05,073 [Worker-18] INFO  o.e.m.c.i.embedder.EclipseLogger - Using 'UTF-8' encoding to copy filtered resources.
2017-12-14 14:57:05,096 [Worker-18] INFO  o.e.m.c.i.embedder.EclipseLogger - Copying 2 resources
2017-12-14 14:57:05,110 [Worker-18] INFO  o.e.m.c.i.embedder.EclipseLogger - Using 'UTF-8' encoding to copy filtered resources.
2017-12-14 14:57:05,110 [Worker-18] INFO  o.e.m.c.i.embedder.EclipseLogger - skip non existing resourceDirectory D:\workspaces\workspace-epql\epql-subscriptionmachineadapter\src\test\resources
2017-12-14 14:57:07,357 [Worker-18] INFO  o.e.m.c.i.l.LifecycleMappingFactory - Using org.eclipse.m2e.jdt.JarLifecycleMapping lifecycle mapping for MavenProject: com.nad:opcda-to-xml:1.0.3 @ D:\workspaces\workspace-epql\opcda-to-xml\pom.xml.
2017-12-14 14:57:09,415 [Worker-18] INFO  o.e.m.c.i.embedder.EclipseLogger - Using 'UTF-8' encoding to copy filtered resources.
2017-12-14 14:57:09,443 [Worker-18] INFO  o.e.m.c.i.embedder.EclipseLogger - Copying 1 resource
2017-12-14 14:57:09,452 [Worker-18] INFO  o.e.m.c.i.embedder.EclipseLogger - Using 'UTF-8' encoding to copy filtered resources.
2017-12-14 14:57:09,454 [Worker-18] INFO  o.e.m.c.i.embedder.EclipseLogger - Copying 0 resource
2017-12-14 14:57:11,226 [Worker-18] INFO  o.e.m.c.i.l.LifecycleMappingFactory - Using org.eclipse.m2e.jdt.JarLifecycleMapping lifecycle mapping for MavenProject: com.nad:opcda-to-xml:1.0.3 @ D:\workspaces\workspace-epql\opcda-to-xml-v2\pom.xml.
2017-12-14 14:57:11,667 [Worker-18] INFO  o.e.m.c.i.embedder.EclipseLogger - Using 'UTF-8' encoding to copy filtered resources.
2017-12-14 14:57:11,702 [Worker-18] INFO  o.e.m.c.i.embedder.EclipseLogger - Copying 2 resources
2017-12-14 14:57:11,704 [Worker-18] INFO  o.e.m.c.i.embedder.EclipseLogger - Using 'UTF-8' encoding to copy filtered resources.
2017-12-14 14:57:11,706 [Worker-18] INFO  o.e.m.c.i.embedder.EclipseLogger - Copying 0 resource
2017-12-14 14:57:16,257 [Worker-1] INFO  o.e.m.c.i.l.LifecycleMappingFactory - Using DEFAULT lifecycle mapping for MavenProject: com.ge.dspmicro:energy-subscriptionmachineadapter:17.1.0 @ D:\workspaces\workspace-epql\epql-subscriptionmachineadapter\pom.xml.
2017-12-14 14:57:16,782 [Worker-1] INFO  o.e.m.c.i.l.LifecycleMappingFactory - Using org.eclipse.m2e.jdt.JarLifecycleMapping lifecycle mapping for MavenProject: com.nad:opcda-to-xml:1.0.3 @ D:\workspaces\workspace-epql\opcda-to-xml\pom.xml.
2017-12-14 14:57:17,402 [Worker-0] INFO  o.e.m.c.i.embedder.EclipseLogger - Using 'UTF-8' encoding to copy filtered resources.
2017-12-14 14:57:17,410 [Worker-0] INFO  o.e.m.c.i.embedder.EclipseLogger - Copying 2 resources
2017-12-14 14:57:17,477 [Worker-1] INFO  o.e.m.c.i.l.LifecycleMappingFactory - Using org.eclipse.m2e.jdt.JarLifecycleMapping lifecycle mapping for MavenProject: com.nad:opcda-to-xml:1.0.3 @ D:\workspaces\workspace-epql\opcda-to-xml-v2\pom.xml.
2017-12-14 14:57:17,500 [Worker-0] INFO  o.e.m.c.i.embedder.EclipseLogger - Using 'UTF-8' encoding to copy filtered resources.
2017-12-14 14:57:17,501 [Worker-0] INFO  o.e.m.c.i.embedder.EclipseLogger - skip non existing resourceDirectory D:\workspaces\workspace-epql\epql-subscriptionmachineadapter\src\test\resources
2017-12-14 14:57:18,372 [Worker-15] INFO  o.e.m.c.i.embedder.EclipseLogger - Using 'UTF-8' encoding to copy filtered resources.
2017-12-14 14:57:18,372 [Worker-15] INFO  o.e.m.c.i.embedder.EclipseLogger - Copying 0 resource
2017-12-14 14:57:18,374 [Worker-15] INFO  o.e.m.c.i.embedder.EclipseLogger - Using 'UTF-8' encoding to copy filtered resources.
2017-12-14 14:57:18,374 [Worker-15] INFO  o.e.m.c.i.embedder.EclipseLogger - skip non existing resourceDirectory D:\workspaces\workspace-epql\epql-subscriptionmachineadapter\src\test\resources
2017-12-14 14:57:19,324 [Worker-15] INFO  o.e.m.c.i.embedder.EclipseLogger - Using 'UTF-8' encoding to copy filtered resources.
2017-12-14 14:57:19,326 [Worker-15] INFO  o.e.m.c.i.embedder.EclipseLogger - Copying 1 resource
2017-12-14 14:57:19,363 [Worker-15] INFO  o.e.m.c.i.embedder.EclipseLogger - Using 'UTF-8' encoding to copy filtered resources.
2017-12-14 14:57:19,363 [Worker-15] INFO  o.e.m.c.i.embedder.EclipseLogger - Copying 0 resource
2017-12-14 14:57:20,678 [Worker-15] INFO  o.e.m.c.i.embedder.EclipseLogger - Using 'UTF-8' encoding to copy filtered resources.
2017-12-14 14:57:20,679 [Worker-15] INFO  o.e.m.c.i.embedder.EclipseLogger - Copying 2 resources
2017-12-14 14:57:20,708 [Worker-15] INFO  o.e.m.c.i.embedder.EclipseLogger - Using 'UTF-8' encoding to copy filtered resources.
2017-12-14 14:57:20,708 [Worker-15] INFO  o.e.m.c.i.embedder.EclipseLogger - Copying 0 resource
2017-12-14 14:57:33,819 [Worker-16] INFO  o.e.m.c.i.p.ProjectConfigurationManager - Update started
2017-12-14 14:57:34,191 [Worker-16] INFO  o.e.m.c.i.l.LifecycleMappingFactory - Using org.eclipse.m2e.jdt.JarLifecycleMapping lifecycle mapping for MavenProject: com.nad:opcda-to-xml:1.0.3 @ D:\workspaces\workspace-epql\opcda-to-xml\pom.xml.
2017-12-14 14:57:34,315 [Worker-16] INFO  o.e.m.c.i.l.LifecycleMappingFactory - Using org.eclipse.m2e.jdt.JarLifecycleMapping lifecycle mapping for MavenProject: com.nad:opcda-to-xml:1.0.3 @ D:\workspaces\workspace-epql\opcda-to-xml-v2\pom.xml.
2017-12-14 14:57:34,545 [Worker-16] INFO  o.e.m.j.i.AbstractJavaProjectConfigurator - Adding source folder /opcda-to-xml/src/main/java
2017-12-14 14:57:34,545 [Worker-16] INFO  o.e.m.j.i.AbstractJavaProjectConfigurator - Adding resource folder /opcda-to-xml/src/main/resources
2017-12-14 14:57:34,546 [Worker-16] INFO  o.e.m.j.i.AbstractJavaProjectConfigurator - Adding source folder /opcda-to-xml/src/test/java
2017-12-14 14:57:34,546 [Worker-16] INFO  o.e.m.j.i.AbstractJavaProjectConfigurator - Adding resource folder /opcda-to-xml/src/test/resources
2017-12-14 14:57:34,749 [Worker-16] INFO  o.e.m.c.i.p.ProjectConfigurationManager - Update completed: 0 sec
2017-12-14 14:57:35,229 [Worker-12] INFO  o.e.m.c.i.embedder.EclipseLogger - Using 'UTF-8' encoding to copy filtered resources.
2017-12-14 14:57:35,230 [Worker-12] INFO  o.e.m.c.i.embedder.EclipseLogger - Copying 1 resource
2017-12-14 14:57:35,242 [Worker-12] INFO  o.e.m.c.i.embedder.EclipseLogger - Using 'UTF-8' encoding to copy filtered resources.
2017-12-14 14:57:35,243 [Worker-12] INFO  o.e.m.c.i.embedder.EclipseLogger - Copying 0 resource
2017-12-14 14:57:35,854 [Worker-2] INFO  o.e.m.c.i.embedder.EclipseLogger - Using 'UTF-8' encoding to copy filtered resources.
2017-12-14 14:57:35,856 [Worker-2] INFO  o.e.m.c.i.embedder.EclipseLogger - Copying 0 resource
2017-12-14 14:57:35,858 [Worker-2] INFO  o.e.m.c.i.embedder.EclipseLogger - Using 'UTF-8' encoding to copy filtered resources.
2017-12-14 14:57:35,858 [Worker-2] INFO  o.e.m.c.i.embedder.EclipseLogger - Copying 0 resource
2017-12-14 15:00:45,048 [Worker-13] INFO  o.e.m.c.i.embedder.EclipseLogger - Using 'UTF-8' encoding to copy filtered resources.
2017-12-14 15:00:45,049 [Worker-13] INFO  o.e.m.c.i.embedder.EclipseLogger - Copying 1 resource
2017-12-14 15:00:45,051 [Worker-13] INFO  o.e.m.c.i.embedder.EclipseLogger - Using 'UTF-8' encoding to copy filtered resources.
2017-12-14 15:00:45,051 [Worker-13] INFO  o.e.m.c.i.embedder.EclipseLogger - Copying 0 resource
2017-12-14 15:08:28,625 [Worker-1] INFO  o.e.m.c.i.embedder.EclipseLogger - Using 'UTF-8' encoding to copy filtered resources.
2017-12-14 15:08:28,626 [Worker-1] INFO  o.e.m.c.i.embedder.EclipseLogger - Copying 1 resource
2017-12-14 15:08:28,627 [Worker-1] INFO  o.e.m.c.i.embedder.EclipseLogger - Using 'UTF-8' encoding to copy filtered resources.
2017-12-14 15:08:28,628 [Worker-1] INFO  o.e.m.c.i.embedder.EclipseLogger - Copying 0 resource
2017-12-14 15:27:02,518 [Worker-26] INFO  o.e.m.c.i.embedder.EclipseLogger - Using 'UTF-8' encoding to copy filtered resources.
2017-12-14 15:27:02,521 [Worker-26] INFO  o.e.m.c.i.embedder.EclipseLogger - Copying 1 resource
2017-12-14 15:27:02,527 [Worker-26] INFO  o.e.m.c.i.embedder.EclipseLogger - Using 'UTF-8' encoding to copy filtered resources.
2017-12-14 15:27:02,528 [Worker-26] INFO  o.e.m.c.i.embedder.EclipseLogger - Copying 0 resource
2017-12-14 15:30:42,100 [Worker-24] INFO  o.e.m.c.i.embedder.EclipseLogger - Using 'UTF-8' encoding to copy filtered resources.
2017-12-14 15:30:42,102 [Worker-24] INFO  o.e.m.c.i.embedder.EclipseLogger - Copying 1 resource
2017-12-14 15:30:42,105 [Worker-24] INFO  o.e.m.c.i.embedder.EclipseLogger - Using 'UTF-8' encoding to copy filtered resources.
2017-12-14 15:30:42,106 [Worker-24] INFO  o.e.m.c.i.embedder.EclipseLogger - Copying 0 resource
2017-12-14 16:13:02,428 [Worker-31] INFO  o.e.m.c.i.l.LifecycleMappingFactory - Using org.eclipse.m2e.jdt.JarLifecycleMapping lifecycle mapping for MavenProject: com.nad:opcda-to-xml:1.0.4 @ D:\workspaces\workspace-epql\opcda-to-xml\pom.xml.
2017-12-14 16:13:02,767 [Worker-31] INFO  o.e.m.c.i.embedder.EclipseLogger - Using 'UTF-8' encoding to copy filtered resources.
2017-12-14 16:13:02,767 [Worker-31] INFO  o.e.m.c.i.embedder.EclipseLogger - Copying 0 resource
2017-12-14 16:13:02,768 [Worker-31] INFO  o.e.m.c.i.embedder.EclipseLogger - Using 'UTF-8' encoding to copy filtered resources.
2017-12-14 16:13:02,768 [Worker-31] INFO  o.e.m.c.i.embedder.EclipseLogger - Copying 0 resource
2017-12-14 16:13:11,028 [Worker-32] INFO  o.e.m.i.launch.MavenLaunchDelegate - D:\workspaces\workspace-epql\opcda-to-xml
2017-12-14 16:13:11,029 [Worker-32] INFO  o.e.m.i.launch.MavenLaunchDelegate -  mvn -B clean
2017-12-14 16:13:23,503 [Worker-34] INFO  o.e.m.i.launch.MavenLaunchDelegate - D:\workspaces\workspace-epql\opcda-to-xml
2017-12-14 16:13:23,503 [Worker-34] INFO  o.e.m.i.launch.MavenLaunchDelegate -  mvn -B install
2017-12-14 16:13:32,459 [Worker-28] INFO  o.e.m.c.i.embedder.EclipseLogger - Using 'UTF-8' encoding to copy filtered resources.
2017-12-14 16:13:32,460 [Worker-28] INFO  o.e.m.c.i.embedder.EclipseLogger - Copying 1 resource
2017-12-14 16:13:32,463 [Worker-28] INFO  o.e.m.c.i.embedder.EclipseLogger - Using 'UTF-8' encoding to copy filtered resources.
2017-12-14 16:13:32,464 [Worker-28] INFO  o.e.m.c.i.embedder.EclipseLogger - Copying 0 resource
2017-12-14 16:16:00,834 [Worker-26] INFO  o.e.m.i.launch.MavenLaunchDelegate - D:\workspaces\workspace-epql\opcda-to-xml
2017-12-14 16:16:00,834 [Worker-26] INFO  o.e.m.i.launch.MavenLaunchDelegate -  mvn -B clean
2017-12-14 16:16:03,266 [Worker-26] INFO  o.e.m.c.i.embedder.EclipseLogger - Using 'UTF-8' encoding to copy filtered resources.
2017-12-14 16:16:03,267 [Worker-26] INFO  o.e.m.c.i.embedder.EclipseLogger - Copying 1 resource
2017-12-14 16:16:03,270 [Worker-26] INFO  o.e.m.c.i.embedder.EclipseLogger - Using 'UTF-8' encoding to copy filtered resources.
2017-12-14 16:16:03,271 [Worker-26] INFO  o.e.m.c.i.embedder.EclipseLogger - Copying 0 resource
2017-12-14 16:16:09,714 [Worker-37] INFO  o.e.m.i.launch.MavenLaunchDelegate - D:\workspaces\workspace-epql\opcda-to-xml
2017-12-14 16:16:09,715 [Worker-37] INFO  o.e.m.i.launch.MavenLaunchDelegate -  mvn -B install
2017-12-14 16:16:15,416 [Worker-28] INFO  o.e.m.c.i.embedder.EclipseLogger - Using 'UTF-8' encoding to copy filtered resources.
2017-12-14 16:16:15,418 [Worker-28] INFO  o.e.m.c.i.embedder.EclipseLogger - Copying 1 resource
2017-12-14 16:16:15,422 [Worker-28] INFO  o.e.m.c.i.embedder.EclipseLogger - Using 'UTF-8' encoding to copy filtered resources.
2017-12-14 16:16:15,423 [Worker-28] INFO  o.e.m.c.i.embedder.EclipseLogger - Copying 0 resource
2017-12-21 12:57:12,199 [Worker-0] INFO  o.e.m.c.i.l.LifecycleMappingFactory - Using DEFAULT lifecycle mapping for MavenProject: com.ge.dspmicro:energy-subscriptionmachineadapter:17.1.0 @ D:\workspaces\workspace-epql\epql-subscriptionmachineadapter\pom.xml.
2017-12-21 12:57:14,458 [Worker-0] INFO  o.e.m.c.i.l.LifecycleMappingFactory - Using org.eclipse.m2e.jdt.JarLifecycleMapping lifecycle mapping for MavenProject: com.nad:opcda-to-xml:1.0.4 @ D:\workspaces\workspace-epql\opcda-to-xml\pom.xml.
2017-12-21 12:57:15,272 [Worker-0] INFO  o.e.m.c.i.l.LifecycleMappingFactory - Using org.eclipse.m2e.jdt.JarLifecycleMapping lifecycle mapping for MavenProject: com.nad:opcda-to-xml:1.0.3 @ D:\workspaces\workspace-epql\opcda-to-xml-v2\pom.xml.
2017-12-21 12:57:21,969 [Worker-4] INFO  o.e.m.c.i.embedder.EclipseLogger - Using 'UTF-8' encoding to copy filtered resources.
2017-12-21 12:57:21,993 [Worker-4] INFO  o.e.m.c.i.embedder.EclipseLogger - Copying 2 resources
2017-12-21 12:57:22,109 [Worker-4] INFO  o.e.m.c.i.embedder.EclipseLogger - Using 'UTF-8' encoding to copy filtered resources.
2017-12-21 12:57:22,109 [Worker-4] INFO  o.e.m.c.i.embedder.EclipseLogger - skip non existing resourceDirectory D:\workspaces\workspace-epql\epql-subscriptionmachineadapter\src\test\resources
2017-12-21 12:57:24,150 [Worker-4] INFO  o.e.m.c.i.embedder.EclipseLogger - Using 'UTF-8' encoding to copy filtered resources.
2017-12-21 12:57:24,152 [Worker-4] INFO  o.e.m.c.i.embedder.EclipseLogger - Copying 1 resource
2017-12-21 12:57:24,194 [Worker-4] INFO  o.e.m.c.i.embedder.EclipseLogger - Using 'UTF-8' encoding to copy filtered resources.
2017-12-21 12:57:24,195 [Worker-4] INFO  o.e.m.c.i.embedder.EclipseLogger - Copying 0 resource
2017-12-21 12:57:26,317 [Worker-4] INFO  o.e.m.c.i.embedder.EclipseLogger - Using 'UTF-8' encoding to copy filtered resources.
2017-12-21 12:57:26,318 [Worker-4] INFO  o.e.m.c.i.embedder.EclipseLogger - Copying 2 resources
2017-12-21 12:57:26,479 [Worker-4] INFO  o.e.m.c.i.embedder.EclipseLogger - Using 'UTF-8' encoding to copy filtered resources.
2017-12-21 12:57:26,479 [Worker-4] INFO  o.e.m.c.i.embedder.EclipseLogger - Copying 0 resource
